@storybook/cli v7.0.15

info => Cleaning outputDir: /var/folders/w6/8z5p98x95n76vrmm61h4tmpr0000gn/T/chromatic--71764-GquOHvAMpxU2
info => Loading presets
WARN The "@storybook/addon-mdx-gfm" addon is meant as a migration assistant for Storybook 7.0; and will likely be removed in a future version.
WARN It's recommended you read this document:
WARN https://storybook.js.org/docs/react/writing-docs/mdx#lack-of-github-flavored-markdown-gfm
WARN 
WARN Once you've made the necessary changes, you can remove the addon from your package.json and storybook config.
info => Building manager..
info => Manager built (100 ms)
info => Copying static files: /Users/cdedreuille/Sites/storybookjs/icons/node_modules/@storybook/manager/static at /var/folders/w6/8z5p98x95n76vrmm61h4tmpr0000gn/T/chromatic--71764-GquOHvAMpxU2/sb-common-assets
vite v4.2.1 building for production...

./sb-common-assets/fonts.css doesn't exist at build time, it will remain unchanged to be resolved at runtime
transforming...
Use of eval in "node_modules/telejson/dist/index.mjs" is strongly discouraged as it poses security risks and may cause issues with minification.
Use of eval in "node_modules/telejson/dist/index.mjs" is strongly discouraged as it poses security risks and may cause issues with minification.
✓ 1013 modules transformed.
rendering chunks...
computing gzip size...
../../../../../var/folders/w6/8z5p98x95n76vrmm61h4tmpr0000gn/T/chromatic--71764-GquOHvAMpxU2/iframe.html                                          12.70 kB
../../../../../var/folders/w6/8z5p98x95n76vrmm61h4tmpr0000gn/T/chromatic--71764-GquOHvAMpxU2/assets/cover-19102a62.png                            19.88 kB
../../../../../var/folders/w6/8z5p98x95n76vrmm61h4tmpr0000gn/T/chromatic--71764-GquOHvAMpxU2/assets/index-a42a4a37.js                              0.25 kB │ gzip:   0.20 kB │ map:     0.10 kB
../../../../../var/folders/w6/8z5p98x95n76vrmm61h4tmpr0000gn/T/chromatic--71764-GquOHvAMpxU2/assets/preview-1199a8aa.js                            0.31 kB │ gzip:   0.25 kB │ map:     0.92 kB
../../../../../var/folders/w6/8z5p98x95n76vrmm61h4tmpr0000gn/T/chromatic--71764-GquOHvAMpxU2/assets/WithTooltip-FBT32F6Q-5a43c5c0.js               0.37 kB │ gzip:   0.24 kB │ map:     0.11 kB
../../../../../var/folders/w6/8z5p98x95n76vrmm61h4tmpr0000gn/T/chromatic--71764-GquOHvAMpxU2/assets/syntaxhighlighter-QTQ2UBB4-805ac110.js         0.38 kB │ gzip:   0.27 kB │ map:     0.12 kB
../../../../../var/folders/w6/8z5p98x95n76vrmm61h4tmpr0000gn/T/chromatic--71764-GquOHvAMpxU2/assets/preview-87f96459.js                            0.50 kB │ gzip:   0.32 kB │ map:     0.55 kB
../../../../../var/folders/w6/8z5p98x95n76vrmm61h4tmpr0000gn/T/chromatic--71764-GquOHvAMpxU2/assets/Add.stories-fa0c80f2.js                        0.52 kB │ gzip:   0.35 kB │ map:     0.11 kB
../../../../../var/folders/w6/8z5p98x95n76vrmm61h4tmpr0000gn/T/chromatic--71764-GquOHvAMpxU2/assets/Key.stories-0e17fc0e.js                        0.52 kB │ gzip:   0.35 kB │ map:     0.11 kB
../../../../../var/folders/w6/8z5p98x95n76vrmm61h4tmpr0000gn/T/chromatic--71764-GquOHvAMpxU2/assets/Cpu.stories-ee7a4f43.js                        0.52 kB │ gzip:   0.35 kB │ map:     0.11 kB
../../../../../var/folders/w6/8z5p98x95n76vrmm61h4tmpr0000gn/T/chromatic--71764-GquOHvAMpxU2/assets/Box.stories-e58cf906.js                        0.52 kB │ gzip:   0.35 kB │ map:     0.11 kB
../../../../../var/folders/w6/8z5p98x95n76vrmm61h4tmpr0000gn/T/chromatic--71764-GquOHvAMpxU2/assets/Eye.stories-f603fc0e.js                        0.52 kB │ gzip:   0.35 kB │ map:     0.11 kB
../../../../../var/folders/w6/8z5p98x95n76vrmm61h4tmpr0000gn/T/chromatic--71764-GquOHvAMpxU2/assets/Cog.stories-c781d78d.js                        0.52 kB │ gzip:   0.34 kB │ map:     0.11 kB
../../../../../var/folders/w6/8z5p98x95n76vrmm61h4tmpr0000gn/T/chromatic--71764-GquOHvAMpxU2/assets/Nut.stories-cb158163.js                        0.52 kB │ gzip:   0.35 kB │ map:     0.11 kB
../../../../../var/folders/w6/8z5p98x95n76vrmm61h4tmpr0000gn/T/chromatic--71764-GquOHvAMpxU2/assets/Pin.stories-20e3201c.js                        0.52 kB │ gzip:   0.35 kB │ map:     0.11 kB
../../../../../var/folders/w6/8z5p98x95n76vrmm61h4tmpr0000gn/T/chromatic--71764-GquOHvAMpxU2/assets/Sun.stories-5aac7430.js                        0.52 kB │ gzip:   0.35 kB │ map:     0.11 kB
../../../../../var/folders/w6/8z5p98x95n76vrmm61h4tmpr0000gn/T/chromatic--71764-GquOHvAMpxU2/assets/Rss.stories-3bf3339b.js                        0.52 kB │ gzip:   0.35 kB │ map:     0.11 kB
../../../../../var/folders/w6/8z5p98x95n76vrmm61h4tmpr0000gn/T/chromatic--71764-GquOHvAMpxU2/assets/Back.stories-045d5515.js                       0.52 kB │ gzip:   0.35 kB │ map:     0.11 kB
../../../../../var/folders/w6/8z5p98x95n76vrmm61h4tmpr0000gn/T/chromatic--71764-GquOHvAMpxU2/assets/Form.stories-33efb1ae.js                       0.52 kB │ gzip:   0.35 kB │ map:     0.11 kB
../../../../../var/folders/w6/8z5p98x95n76vrmm61h4tmpr0000gn/T/chromatic--71764-GquOHvAMpxU2/assets/Chat.stories-7caa7d41.js                       0.52 kB │ gzip:   0.35 kB │ map:     0.11 kB
../../../../../var/folders/w6/8z5p98x95n76vrmm61h4tmpr0000gn/T/chromatic--71764-GquOHvAMpxU2/assets/Grid.stories-95681a99.js                       0.52 kB │ gzip:   0.35 kB │ map:     0.11 kB
../../../../../var/folders/w6/8z5p98x95n76vrmm61h4tmpr0000gn/T/chromatic--71764-GquOHvAMpxU2/assets/Flag.stories-a686fca4.js                       0.52 kB │ gzip:   0.34 kB │ map:     0.11 kB
../../../../../var/folders/w6/8z5p98x95n76vrmm61h4tmpr0000gn/T/chromatic--71764-GquOHvAMpxU2/assets/Grow.stories-7224a1c7.js                       0.52 kB │ gzip:   0.35 kB │ map:     0.11 kB
../../../../../var/folders/w6/8z5p98x95n76vrmm61h4tmpr0000gn/T/chromatic--71764-GquOHvAMpxU2/assets/Home.stories-c3261f58.js                       0.52 kB │ gzip:   0.35 kB │ map:     0.11 kB
../../../../../var/folders/w6/8z5p98x95n76vrmm61h4tmpr0000gn/T/chromatic--71764-GquOHvAMpxU2/assets/Info.stories-148e47e1.js                       0.52 kB │ gzip:   0.34 kB │ map:     0.11 kB
../../../../../var/folders/w6/8z5p98x95n76vrmm61h4tmpr0000gn/T/chromatic--71764-GquOHvAMpxU2/assets/Bell.stories-02baeaf2.js                       0.52 kB │ gzip:   0.35 kB │ map:     0.11 kB
../../../../../var/folders/w6/8z5p98x95n76vrmm61h4tmpr0000gn/T/chromatic--71764-GquOHvAMpxU2/assets/Bold.stories-019045e7.js                       0.52 kB │ gzip:   0.35 kB │ map:     0.11 kB
../../../../../var/folders/w6/8z5p98x95n76vrmm61h4tmpr0000gn/T/chromatic--71764-GquOHvAMpxU2/assets/Edit.stories-6fd667d3.js                       0.52 kB │ gzip:   0.35 kB │ map:     0.11 kB
../../../../../var/folders/w6/8z5p98x95n76vrmm61h4tmpr0000gn/T/chromatic--71764-GquOHvAMpxU2/assets/Copy.stories-5ea4d7fc.js                       0.52 kB │ gzip:   0.35 kB │ map:     0.11 kB
../../../../../var/folders/w6/8z5p98x95n76vrmm61h4tmpr0000gn/T/chromatic--71764-GquOHvAMpxU2/assets/Book.stories-603b74e4.js                       0.52 kB │ gzip:   0.35 kB │ map:     0.11 kB
../../../../../var/folders/w6/8z5p98x95n76vrmm61h4tmpr0000gn/T/chromatic--71764-GquOHvAMpxU2/assets/Link.stories-f39d61f1.js                       0.52 kB │ gzip:   0.35 kB │ map:     0.11 kB
../../../../../var/folders/w6/8z5p98x95n76vrmm61h4tmpr0000gn/T/chromatic--71764-GquOHvAMpxU2/assets/Lock.stories-3bc822ff.js                       0.52 kB │ gzip:   0.35 kB │ map:     0.11 kB
../../../../../var/folders/w6/8z5p98x95n76vrmm61h4tmpr0000gn/T/chromatic--71764-GquOHvAMpxU2/assets/Moon.stories-dafaa66f.js                       0.52 kB │ gzip:   0.34 kB │ map:     0.11 kB
../../../../../var/folders/w6/8z5p98x95n76vrmm61h4tmpr0000gn/T/chromatic--71764-GquOHvAMpxU2/assets/Menu.stories-7f813431.js                       0.52 kB │ gzip:   0.34 kB │ map:     0.11 kB
../../../../../var/folders/w6/8z5p98x95n76vrmm61h4tmpr0000gn/T/chromatic--71764-GquOHvAMpxU2/assets/Stop.stories-e18de7e6.js                       0.52 kB │ gzip:   0.35 kB │ map:     0.11 kB
../../../../../var/folders/w6/8z5p98x95n76vrmm61h4tmpr0000gn/T/chromatic--71764-GquOHvAMpxU2/assets/Star.stories-069483d9.js                       0.52 kB │ gzip:   0.34 kB │ map:     0.11 kB
../../../../../var/folders/w6/8z5p98x95n76vrmm61h4tmpr0000gn/T/chromatic--71764-GquOHvAMpxU2/assets/Play.stories-36b67975.js                       0.52 kB │ gzip:   0.35 kB │ map:     0.11 kB
../../../../../var/folders/w6/8z5p98x95n76vrmm61h4tmpr0000gn/T/chromatic--71764-GquOHvAMpxU2/assets/Plus.stories-61708931.js                       0.52 kB │ gzip:   0.35 kB │ map:     0.11 kB
../../../../../var/folders/w6/8z5p98x95n76vrmm61h4tmpr0000gn/T/chromatic--71764-GquOHvAMpxU2/assets/User.stories-e34fa90e.js                       0.52 kB │ gzip:   0.35 kB │ map:     0.11 kB
../../../../../var/folders/w6/8z5p98x95n76vrmm61h4tmpr0000gn/T/chromatic--71764-GquOHvAMpxU2/assets/Undo.stories-1c9cd10c.js                       0.52 kB │ gzip:   0.35 kB │ map:     0.11 kB
../../../../../var/folders/w6/8z5p98x95n76vrmm61h4tmpr0000gn/T/chromatic--71764-GquOHvAMpxU2/assets/Time.stories-aa695911.js                       0.52 kB │ gzip:   0.35 kB │ map:     0.11 kB
../../../../../var/folders/w6/8z5p98x95n76vrmm61h4tmpr0000gn/T/chromatic--71764-GquOHvAMpxU2/assets/Wand.stories-70370f27.js                       0.52 kB │ gzip:   0.35 kB │ map:     0.11 kB
../../../../../var/folders/w6/8z5p98x95n76vrmm61h4tmpr0000gn/T/chromatic--71764-GquOHvAMpxU2/assets/Type.stories-e21ec70e.js                       0.52 kB │ gzip:   0.35 kB │ map:     0.11 kB
../../../../../var/folders/w6/8z5p98x95n76vrmm61h4tmpr0000gn/T/chromatic--71764-GquOHvAMpxU2/assets/Sync.stories-49a378b3.js                       0.52 kB │ gzip:   0.35 kB │ map:     0.11 kB
../../../../../var/folders/w6/8z5p98x95n76vrmm61h4tmpr0000gn/T/chromatic--71764-GquOHvAMpxU2/assets/Repo.stories-3357dc39.js                       0.52 kB │ gzip:   0.35 kB │ map:     0.11 kB
../../../../../var/folders/w6/8z5p98x95n76vrmm61h4tmpr0000gn/T/chromatic--71764-GquOHvAMpxU2/assets/Zoom.stories-ce4330cb.js                       0.52 kB │ gzip:   0.35 kB │ map:     0.11 kB
../../../../../var/folders/w6/8z5p98x95n76vrmm61h4tmpr0000gn/T/chromatic--71764-GquOHvAMpxU2/assets/Admin.stories-f66bc71e.js                      0.53 kB │ gzip:   0.35 kB │ map:     0.11 kB
../../../../../var/folders/w6/8z5p98x95n76vrmm61h4tmpr0000gn/T/chromatic--71764-GquOHvAMpxU2/assets/Alert.stories-79845d29.js                      0.53 kB │ gzip:   0.35 kB │ map:     0.11 kB
../../../../../var/folders/w6/8z5p98x95n76vrmm61h4tmpr0000gn/T/chromatic--71764-GquOHvAMpxU2/assets/Apple.stories-587941a3.js                      0.53 kB │ gzip:   0.35 kB │ map:     0.11 kB
../../../../../var/folders/w6/8z5p98x95n76vrmm61h4tmpr0000gn/T/chromatic--71764-GquOHvAMpxU2/assets/Clear.stories-18e6880f.js                      0.53 kB │ gzip:   0.35 kB │ map:     0.11 kB
../../../../../var/folders/w6/8z5p98x95n76vrmm61h4tmpr0000gn/T/chromatic--71764-GquOHvAMpxU2/assets/Cloud.stories-206bda84.js                      0.53 kB │ gzip:   0.35 kB │ map:     0.11 kB
../../../../../var/folders/w6/8z5p98x95n76vrmm61h4tmpr0000gn/T/chromatic--71764-GquOHvAMpxU2/assets/Figma.stories-fab2ea0c.js                      0.53 kB │ gzip:   0.35 kB │ map:     0.11 kB
../../../../../var/folders/w6/8z5p98x95n76vrmm61h4tmpr0000gn/T/chromatic--71764-GquOHvAMpxU2/assets/Check.stories-07a95f90.js                      0.53 kB │ gzip:   0.35 kB │ map:     0.11 kB
../../../../../var/folders/w6/8z5p98x95n76vrmm61h4tmpr0000gn/T/chromatic--71764-GquOHvAMpxU2/assets/Heart.stories-cf08ff6f.js                      0.53 kB │ gzip:   0.34 kB │ map:     0.11 kB
../../../../../var/folders/w6/8z5p98x95n76vrmm61h4tmpr0000gn/T/chromatic--71764-GquOHvAMpxU2/assets/Globe.stories-f0f70299.js                      0.53 kB │ gzip:   0.35 kB │ map:     0.11 kB
../../../../../var/folders/w6/8z5p98x95n76vrmm61h4tmpr0000gn/T/chromatic--71764-GquOHvAMpxU2/assets/Email.stories-01be9c5b.js                      0.53 kB │ gzip:   0.35 kB │ map:     0.11 kB
../../../../../var/folders/w6/8z5p98x95n76vrmm61h4tmpr0000gn/T/chromatic--71764-GquOHvAMpxU2/assets/Cross.stories-b3e142b3.js                      0.53 kB │ gzip:   0.35 kB │ map:     0.11 kB
../../../../../var/folders/w6/8z5p98x95n76vrmm61h4tmpr0000gn/T/chromatic--71764-GquOHvAMpxU2/assets/Close.stories-60cc932c.js                      0.53 kB │ gzip:   0.35 kB │ map:     0.11 kB
../../../../../var/folders/w6/8z5p98x95n76vrmm61h4tmpr0000gn/T/chromatic--71764-GquOHvAMpxU2/assets/Linux.stories-daae142c.js                      0.53 kB │ gzip:   0.35 kB │ map:     0.11 kB
../../../../../var/folders/w6/8z5p98x95n76vrmm61h4tmpr0000gn/T/chromatic--71764-GquOHvAMpxU2/assets/Merge.stories-1277c336.js                      0.53 kB │ gzip:   0.35 kB │ map:     0.11 kB
../../../../../var/folders/w6/8z5p98x95n76vrmm61h4tmpr0000gn/T/chromatic--71764-GquOHvAMpxU2/assets/Power.stories-866032a0.js                      0.53 kB │ gzip:   0.35 kB │ map:     0.11 kB
../../../../../var/folders/w6/8z5p98x95n76vrmm61h4tmpr0000gn/T/chromatic--71764-GquOHvAMpxU2/assets/Ruler.stories-4a587af0.js                      0.53 kB │ gzip:   0.34 kB │ map:     0.11 kB
../../../../../var/folders/w6/8z5p98x95n76vrmm61h4tmpr0000gn/T/chromatic--71764-GquOHvAMpxU2/assets/Phone.stories-da1088f0.js                      0.53 kB │ gzip:   0.35 kB │ map:     0.11 kB
../../../../../var/folders/w6/8z5p98x95n76vrmm61h4tmpr0000gn/T/chromatic--71764-GquOHvAMpxU2/assets/Users.stories-e0448961.js                      0.53 kB │ gzip:   0.34 kB │ map:     0.11 kB
../../../../../var/folders/w6/8z5p98x95n76vrmm61h4tmpr0000gn/T/chromatic--71764-GquOHvAMpxU2/assets/Trash.stories-20411f64.js                      0.53 kB │ gzip:   0.35 kB │ map:     0.11 kB
../../../../../var/folders/w6/8z5p98x95n76vrmm61h4tmpr0000gn/T/chromatic--71764-GquOHvAMpxU2/assets/Unpin.stories-1437c602.js                      0.53 kB │ gzip:   0.35 kB │ map:     0.11 kB
../../../../../var/folders/w6/8z5p98x95n76vrmm61h4tmpr0000gn/T/chromatic--71764-GquOHvAMpxU2/assets/Redux.stories-023f2ed0.js                      0.53 kB │ gzip:   0.35 kB │ map:     0.11 kB
../../../../../var/folders/w6/8z5p98x95n76vrmm61h4tmpr0000gn/T/chromatic--71764-GquOHvAMpxU2/assets/Watch.stories-b6649bcb.js                      0.53 kB │ gzip:   0.35 kB │ map:     0.11 kB
../../../../../var/folders/w6/8z5p98x95n76vrmm61h4tmpr0000gn/T/chromatic--71764-GquOHvAMpxU2/assets/Timer.stories-8cfd37fd.js                      0.53 kB │ gzip:   0.35 kB │ map:     0.11 kB
../../../../../var/folders/w6/8z5p98x95n76vrmm61h4tmpr0000gn/T/chromatic--71764-GquOHvAMpxU2/assets/Video.stories-8e780960.js                      0.53 kB │ gzip:   0.35 kB │ map:     0.11 kB
../../../../../var/folders/w6/8z5p98x95n76vrmm61h4tmpr0000gn/T/chromatic--71764-GquOHvAMpxU2/assets/Photo.stories-63861426.js                      0.53 kB │ gzip:   0.35 kB │ map:     0.11 kB
../../../../../var/folders/w6/8z5p98x95n76vrmm61h4tmpr0000gn/T/chromatic--71764-GquOHvAMpxU2/assets/Reply.stories-e6171b98.js                      0.53 kB │ gzip:   0.35 kB │ map:     0.11 kB
../../../../../var/folders/w6/8z5p98x95n76vrmm61h4tmpr0000gn/T/chromatic--71764-GquOHvAMpxU2/assets/Print.stories-37992b92.js                      0.53 kB │ gzip:   0.35 kB │ map:     0.11 kB
../../../../../var/folders/w6/8z5p98x95n76vrmm61h4tmpr0000gn/T/chromatic--71764-GquOHvAMpxU2/assets/Share.stories-4e6707a4.js                      0.53 kB │ gzip:   0.35 kB │ map:     0.11 kB
../../../../../var/folders/w6/8z5p98x95n76vrmm61h4tmpr0000gn/T/chromatic--71764-GquOHvAMpxU2/assets/Basket.stories-b2d7b9ca.js                     0.53 kB │ gzip:   0.35 kB │ map:     0.11 kB
../../../../../var/folders/w6/8z5p98x95n76vrmm61h4tmpr0000gn/T/chromatic--71764-GquOHvAMpxU2/assets/Filter.stories-fbe145cb.js                     0.53 kB │ gzip:   0.35 kB │ map:     0.11 kB
../../../../../var/folders/w6/8z5p98x95n76vrmm61h4tmpr0000gn/T/chromatic--71764-GquOHvAMpxU2/assets/Gdrive.stories-e44139d5.js                     0.53 kB │ gzip:   0.35 kB │ map:     0.11 kB
../../../../../var/folders/w6/8z5p98x95n76vrmm61h4tmpr0000gn/T/chromatic--71764-GquOHvAMpxU2/assets/Delete.stories-0f3de502.js                     0.53 kB │ gzip:   0.35 kB │ map:     0.11 kB
../../../../../var/folders/w6/8z5p98x95n76vrmm61h4tmpr0000gn/T/chromatic--71764-GquOHvAMpxU2/assets/Chrome.stories-701b7b5a.js                     0.53 kB │ gzip:   0.35 kB │ map:     0.11 kB
../../../../../var/folders/w6/8z5p98x95n76vrmm61h4tmpr0000gn/T/chromatic--71764-GquOHvAMpxU2/assets/Commit.stories-7dbcb030.js                     0.53 kB │ gzip:   0.35 kB │ map:     0.11 kB
../../../../../var/folders/w6/8z5p98x95n76vrmm61h4tmpr0000gn/T/chromatic--71764-GquOHvAMpxU2/assets/Folder.stories-f2c64dbd.js                     0.53 kB │ gzip:   0.35 kB │ map:     0.11 kB
../../../../../var/folders/w6/8z5p98x95n76vrmm61h4tmpr0000gn/T/chromatic--71764-GquOHvAMpxU2/assets/Italic.stories-b8499a64.js                     0.53 kB │ gzip:   0.35 kB │ map:     0.11 kB
../../../../../var/folders/w6/8z5p98x95n76vrmm61h4tmpr0000gn/T/chromatic--71764-GquOHvAMpxU2/assets/Jumpto.stories-e15b6e52.js                     0.53 kB │ gzip:   0.35 kB │ map:     0.11 kB
../../../../../var/folders/w6/8z5p98x95n76vrmm61h4tmpr0000gn/T/chromatic--71764-GquOHvAMpxU2/assets/Gitlab.stories-a10338c8.js                     0.53 kB │ gzip:   0.35 kB │ map:     0.11 kB
../../../../../var/folders/w6/8z5p98x95n76vrmm61h4tmpr0000gn/T/chromatic--71764-GquOHvAMpxU2/assets/Github.stories-536cc193.js                     0.53 kB │ gzip:   0.35 kB │ map:     0.11 kB
../../../../../var/folders/w6/8z5p98x95n76vrmm61h4tmpr0000gn/T/chromatic--71764-GquOHvAMpxU2/assets/Beaker.stories-8bc4159e.js                     0.53 kB │ gzip:   0.35 kB │ map:     0.11 kB
../../../../../var/folders/w6/8z5p98x95n76vrmm61h4tmpr0000gn/T/chromatic--71764-GquOHvAMpxU2/assets/Expand.stories-dfad1757.js                     0.53 kB │ gzip:   0.35 kB │ map:     0.11 kB
../../../../../var/folders/w6/8z5p98x95n76vrmm61h4tmpr0000gn/T/chromatic--71764-GquOHvAMpxU2/assets/Credit.stories-bfe10eac.js                     0.53 kB │ gzip:   0.35 kB │ map:     0.11 kB
../../../../../var/folders/w6/8z5p98x95n76vrmm61h4tmpr0000gn/T/chromatic--71764-GquOHvAMpxU2/assets/Branch.stories-4df5a916.js                     0.53 kB │ gzip:   0.35 kB │ map:     0.11 kB
../../../../../var/folders/w6/8z5p98x95n76vrmm61h4tmpr0000gn/T/chromatic--71764-GquOHvAMpxU2/assets/Circle.stories-bcf13dc7.js                     0.53 kB │ gzip:   0.35 kB │ map:     0.11 kB
../../../../../var/folders/w6/8z5p98x95n76vrmm61h4tmpr0000gn/T/chromatic--71764-GquOHvAMpxU2/assets/Camera.stories-3b2d4aa7.js                     0.53 kB │ gzip:   0.35 kB │ map:     0.11 kB
../../../../../var/folders/w6/8z5p98x95n76vrmm61h4tmpr0000gn/T/chromatic--71764-GquOHvAMpxU2/assets/Failed.stories-93ae715b.js                     0.53 kB │ gzip:   0.35 kB │ map:     0.11 kB
../../../../../var/folders/w6/8z5p98x95n76vrmm61h4tmpr0000gn/T/chromatic--71764-GquOHvAMpxU2/assets/Button.stories-ab5d4e17.js                     0.53 kB │ gzip:   0.35 kB │ map:     0.11 kB
../../../../../var/folders/w6/8z5p98x95n76vrmm61h4tmpr0000gn/T/chromatic--71764-GquOHvAMpxU2/assets/Google.stories-c254ee24.js                     0.53 kB │ gzip:   0.35 kB │ map:     0.11 kB
../../../../../var/folders/w6/8z5p98x95n76vrmm61h4tmpr0000gn/T/chromatic--71764-GquOHvAMpxU2/assets/Markup.stories-2cd41532.js                     0.53 kB │ gzip:   0.35 kB │ map:     0.11 kB
../../../../../var/folders/w6/8z5p98x95n76vrmm61h4tmpr0000gn/T/chromatic--71764-GquOHvAMpxU2/assets/Mirror.stories-743f0bf9.js                     0.53 kB │ gzip:   0.35 kB │ map:     0.11 kB
../../../../../var/folders/w6/8z5p98x95n76vrmm61h4tmpr0000gn/T/chromatic--71764-GquOHvAMpxU2/assets/Medium.stories-acfcb105.js                     0.53 kB │ gzip:   0.35 kB │ map:     0.11 kB
../../../../../var/folders/w6/8z5p98x95n76vrmm61h4tmpr0000gn/T/chromatic--71764-GquOHvAMpxU2/assets/Memory.stories-43dffc88.js                     0.53 kB │ gzip:   0.35 kB │ map:     0.11 kB
../../../../../var/folders/w6/8z5p98x95n76vrmm61h4tmpr0000gn/T/chromatic--71764-GquOHvAMpxU2/assets/Mobile.stories-c1e1df61.js                     0.53 kB │ gzip:   0.34 kB │ map:     0.11 kB
../../../../../var/folders/w6/8z5p98x95n76vrmm61h4tmpr0000gn/T/chromatic--71764-GquOHvAMpxU2/assets/Outbox.stories-7e292045.js                     0.53 kB │ gzip:   0.35 kB │ map:     0.11 kB
../../../../../var/folders/w6/8z5p98x95n76vrmm61h4tmpr0000gn/T/chromatic--71764-GquOHvAMpxU2/assets/Passed.stories-2cb29439.js                     0.53 kB │ gzip:   0.35 kB │ map:     0.11 kB
../../../../../var/folders/w6/8z5p98x95n76vrmm61h4tmpr0000gn/T/chromatic--71764-GquOHvAMpxU2/assets/Search.stories-ae2a6e9a.js                     0.53 kB │ gzip:   0.35 kB │ map:     0.11 kB
../../../../../var/folders/w6/8z5p98x95n76vrmm61h4tmpr0000gn/T/chromatic--71764-GquOHvAMpxU2/assets/Rewind.stories-adc5840e.js                     0.53 kB │ gzip:   0.35 kB │ map:     0.11 kB
../../../../../var/folders/w6/8z5p98x95n76vrmm61h4tmpr0000gn/T/chromatic--71764-GquOHvAMpxU2/assets/Ubuntu.stories-346452db.js                     0.53 kB │ gzip:   0.35 kB │ map:     0.11 kB
../../../../../var/folders/w6/8z5p98x95n76vrmm61h4tmpr0000gn/T/chromatic--71764-GquOHvAMpxU2/assets/Unlock.stories-aaa2e2c7.js                     0.53 kB │ gzip:   0.35 kB │ map:     0.11 kB
../../../../../var/folders/w6/8z5p98x95n76vrmm61h4tmpr0000gn/T/chromatic--71764-GquOHvAMpxU2/assets/VSCode.stories-daaee203.js                     0.53 kB │ gzip:   0.35 kB │ map:     0.11 kB
../../../../../var/folders/w6/8z5p98x95n76vrmm61h4tmpr0000gn/T/chromatic--71764-GquOHvAMpxU2/assets/Tablet.stories-f049e388.js                     0.53 kB │ gzip:   0.35 kB │ map:     0.11 kB
../../../../../var/folders/w6/8z5p98x95n76vrmm61h4tmpr0000gn/T/chromatic--71764-GquOHvAMpxU2/assets/Unfold.stories-03d3a23c.js                     0.53 kB │ gzip:   0.35 kB │ map:     0.11 kB
../../../../../var/folders/w6/8z5p98x95n76vrmm61h4tmpr0000gn/T/chromatic--71764-GquOHvAMpxU2/assets/Pinalt.stories-9fd1e158.js                     0.53 kB │ gzip:   0.35 kB │ map:     0.11 kB
../../../../../var/folders/w6/8z5p98x95n76vrmm61h4tmpr0000gn/T/chromatic--71764-GquOHvAMpxU2/assets/Upload.stories-23f46cca.js                     0.53 kB │ gzip:   0.35 kB │ map:     0.11 kB
../../../../../var/folders/w6/8z5p98x95n76vrmm61h4tmpr0000gn/T/chromatic--71764-GquOHvAMpxU2/assets/Wrench.stories-1feee92a.js                     0.53 kB │ gzip:   0.35 kB │ map:     0.11 kB
../../../../../var/folders/w6/8z5p98x95n76vrmm61h4tmpr0000gn/T/chromatic--71764-GquOHvAMpxU2/assets/Shield.stories-fdb49a6f.js                     0.53 kB │ gzip:   0.35 kB │ map:     0.11 kB
../../../../../var/folders/w6/8z5p98x95n76vrmm61h4tmpr0000gn/T/chromatic--71764-GquOHvAMpxU2/assets/Arrowup.stories-9ed785b0.js                    0.53 kB │ gzip:   0.35 kB │ map:     0.11 kB
../../../../../var/folders/w6/8z5p98x95n76vrmm61h4tmpr0000gn/T/chromatic--71764-GquOHvAMpxU2/assets/Command.stories-0cf17d03.js                    0.53 kB │ gzip:   0.35 kB │ map:     0.11 kB
../../../../../var/folders/w6/8z5p98x95n76vrmm61h4tmpr0000gn/T/chromatic--71764-GquOHvAMpxU2/assets/Gridalt.stories-42e3e8dc.js                    0.53 kB │ gzip:   0.35 kB │ map:     0.11 kB
../../../../../var/folders/w6/8z5p98x95n76vrmm61h4tmpr0000gn/T/chromatic--71764-GquOHvAMpxU2/assets/Comment.stories-a3ad47b3.js                    0.53 kB │ gzip:   0.35 kB │ map:     0.11 kB
../../../../../var/folders/w6/8z5p98x95n76vrmm61h4tmpr0000gn/T/chromatic--71764-GquOHvAMpxU2/assets/Doclist.stories-48b4dec7.js                    0.53 kB │ gzip:   0.35 kB │ map:     0.11 kB
../../../../../var/folders/w6/8z5p98x95n76vrmm61h4tmpr0000gn/T/chromatic--71764-GquOHvAMpxU2/assets/Compass.stories-098fad10.js                    0.53 kB │ gzip:   0.35 kB │ map:     0.11 kB
../../../../../var/folders/w6/8z5p98x95n76vrmm61h4tmpr0000gn/T/chromatic--71764-GquOHvAMpxU2/assets/Diamond.stories-cf40adf0.js                    0.53 kB │ gzip:   0.35 kB │ map:     0.11 kB
../../../../../var/folders/w6/8z5p98x95n76vrmm61h4tmpr0000gn/T/chromatic--71764-GquOHvAMpxU2/assets/Discord.stories-2bcb8f76.js                    0.53 kB │ gzip:   0.35 kB │ map:     0.11 kB
../../../../../var/folders/w6/8z5p98x95n76vrmm61h4tmpr0000gn/T/chromatic--71764-GquOHvAMpxU2/assets/Changed.stories-34019a7c.js                    0.53 kB │ gzip:   0.35 kB │ map:     0.11 kB
../../../../../var/folders/w6/8z5p98x95n76vrmm61h4tmpr0000gn/T/chromatic--71764-GquOHvAMpxU2/assets/Facesad.stories-63c65326.js                    0.53 kB │ gzip:   0.35 kB │ map:     0.11 kB
../../../../../var/folders/w6/8z5p98x95n76vrmm61h4tmpr0000gn/T/chromatic--71764-GquOHvAMpxU2/assets/Graphql.stories-4d1d947b.js                    0.53 kB │ gzip:   0.35 kB │ map:     0.11 kB
../../../../../var/folders/w6/8z5p98x95n76vrmm61h4tmpr0000gn/T/chromatic--71764-GquOHvAMpxU2/assets/Browser.stories-dea7bb4a.js                    0.53 kB │ gzip:   0.35 kB │ map:     0.11 kB
../../../../../var/folders/w6/8z5p98x95n76vrmm61h4tmpr0000gn/T/chromatic--71764-GquOHvAMpxU2/assets/Outline.stories-4bd2e95e.js                    0.53 kB │ gzip:   0.35 kB │ map:     0.11 kB
../../../../../var/folders/w6/8z5p98x95n76vrmm61h4tmpr0000gn/T/chromatic--71764-GquOHvAMpxU2/assets/Proceed.stories-d425dd9f.js                    0.53 kB │ gzip:   0.35 kB │ map:     0.11 kB
../../../../../var/folders/w6/8z5p98x95n76vrmm61h4tmpr0000gn/T/chromatic--71764-GquOHvAMpxU2/assets/Profile.stories-72f63a85.js                    0.53 kB │ gzip:   0.35 kB │ map:     0.11 kB
../../../../../var/folders/w6/8z5p98x95n76vrmm61h4tmpr0000gn/T/chromatic--71764-GquOHvAMpxU2/assets/Sticker.stories-50413702.js                    0.53 kB │ gzip:   0.35 kB │ map:     0.11 kB
../../../../../var/folders/w6/8z5p98x95n76vrmm61h4tmpr0000gn/T/chromatic--71764-GquOHvAMpxU2/assets/Speaker.stories-0c5803b6.js                    0.53 kB │ gzip:   0.35 kB │ map:     0.11 kB
../../../../../var/folders/w6/8z5p98x95n76vrmm61h4tmpr0000gn/T/chromatic--71764-GquOHvAMpxU2/assets/Stopalt.stories-550e414e.js                    0.53 kB │ gzip:   0.35 kB │ map:     0.11 kB
../../../../../var/folders/w6/8z5p98x95n76vrmm61h4tmpr0000gn/T/chromatic--71764-GquOHvAMpxU2/assets/Support.stories-e1936458.js                    0.53 kB │ gzip:   0.35 kB │ map:     0.11 kB
../../../../../var/folders/w6/8z5p98x95n76vrmm61h4tmpr0000gn/T/chromatic--71764-GquOHvAMpxU2/assets/Twitter.stories-b058d251.js                    0.53 kB │ gzip:   0.35 kB │ map:     0.11 kB
../../../../../var/folders/w6/8z5p98x95n76vrmm61h4tmpr0000gn/T/chromatic--71764-GquOHvAMpxU2/assets/Zoomout.stories-73c7923f.js                    0.53 kB │ gzip:   0.35 kB │ map:     0.11 kB
../../../../../var/folders/w6/8z5p98x95n76vrmm61h4tmpr0000gn/T/chromatic--71764-GquOHvAMpxU2/assets/Useralt.stories-82bce65c.js                    0.53 kB │ gzip:   0.35 kB │ map:     0.11 kB
../../../../../var/folders/w6/8z5p98x95n76vrmm61h4tmpr0000gn/T/chromatic--71764-GquOHvAMpxU2/assets/Useradd.stories-3a2c22de.js                    0.53 kB │ gzip:   0.35 kB │ map:     0.11 kB
../../../../../var/folders/w6/8z5p98x95n76vrmm61h4tmpr0000gn/T/chromatic--71764-GquOHvAMpxU2/assets/Refresh.stories-077518fb.js                    0.53 kB │ gzip:   0.35 kB │ map:     0.11 kB
../../../../../var/folders/w6/8z5p98x95n76vrmm61h4tmpr0000gn/T/chromatic--71764-GquOHvAMpxU2/assets/Windows.stories-fafc083d.js                    0.53 kB │ gzip:   0.35 kB │ map:     0.11 kB
../../../../../var/folders/w6/8z5p98x95n76vrmm61h4tmpr0000gn/T/chromatic--71764-GquOHvAMpxU2/assets/Sidebar.stories-6ff639f0.js                    0.53 kB │ gzip:   0.35 kB │ map:     0.11 kB
../../../../../var/folders/w6/8z5p98x95n76vrmm61h4tmpr0000gn/T/chromatic--71764-GquOHvAMpxU2/assets/Youtube.stories-61a4e284.js                    0.53 kB │ gzip:   0.35 kB │ map:     0.11 kB
../../../../../var/folders/w6/8z5p98x95n76vrmm61h4tmpr0000gn/T/chromatic--71764-GquOHvAMpxU2/assets/Stacked.stories-b37d69ca.js                    0.53 kB │ gzip:   0.35 kB │ map:     0.11 kB
../../../../../var/folders/w6/8z5p98x95n76vrmm61h4tmpr0000gn/T/chromatic--71764-GquOHvAMpxU2/assets/index-4fb8b842.js                              0.53 kB │ gzip:   0.34 kB │ map:     4.28 kB
../../../../../var/folders/w6/8z5p98x95n76vrmm61h4tmpr0000gn/T/chromatic--71764-GquOHvAMpxU2/assets/Alertalt.stories-943fb649.js                   0.53 kB │ gzip:   0.35 kB │ map:     0.11 kB
../../../../../var/folders/w6/8z5p98x95n76vrmm61h4tmpr0000gn/T/chromatic--71764-GquOHvAMpxU2/assets/Controls.stories-3c0a116b.js                   0.53 kB │ gzip:   0.35 kB │ map:     0.11 kB
../../../../../var/folders/w6/8z5p98x95n76vrmm61h4tmpr0000gn/T/chromatic--71764-GquOHvAMpxU2/assets/Comments.stories-55f94fe3.js                   0.53 kB │ gzip:   0.35 kB │ map:     0.11 kB
../../../../../var/folders/w6/8z5p98x95n76vrmm61h4tmpr0000gn/T/chromatic--71764-GquOHvAMpxU2/assets/Document.stories-5b0a98ca.js                   0.53 kB │ gzip:   0.35 kB │ map:     0.11 kB
../../../../../var/folders/w6/8z5p98x95n76vrmm61h4tmpr0000gn/T/chromatic--71764-GquOHvAMpxU2/assets/Docchart.stories-21f0bcaa.js                   0.53 kB │ gzip:   0.35 kB │ map:     0.11 kB
../../../../../var/folders/w6/8z5p98x95n76vrmm61h4tmpr0000gn/T/chromatic--71764-GquOHvAMpxU2/assets/Download.stories-68dbd676.js                   0.53 kB │ gzip:   0.35 kB │ map:     0.11 kB
../../../../../var/folders/w6/8z5p98x95n76vrmm61h4tmpr0000gn/T/chromatic--71764-GquOHvAMpxU2/assets/Ellipsis.stories-490b8dba.js                   0.53 kB │ gzip:   0.35 kB │ map:     0.11 kB
../../../../../var/folders/w6/8z5p98x95n76vrmm61h4tmpr0000gn/T/chromatic--71764-GquOHvAMpxU2/assets/Contrast.stories-15903054.js                   0.53 kB │ gzip:   0.35 kB │ map:     0.11 kB
../../../../../var/folders/w6/8z5p98x95n76vrmm61h4tmpr0000gn/T/chromatic--71764-GquOHvAMpxU2/assets/Bookmark.stories-bf1e0a1e.js                   0.53 kB │ gzip:   0.35 kB │ map:     0.11 kB
../../../../../var/folders/w6/8z5p98x95n76vrmm61h4tmpr0000gn/T/chromatic--71764-GquOHvAMpxU2/assets/Database.stories-b08f5066.js                   0.53 kB │ gzip:   0.35 kB │ map:     0.11 kB
../../../../../var/folders/w6/8z5p98x95n76vrmm61h4tmpr0000gn/T/chromatic--71764-GquOHvAMpxU2/assets/Eyeclose.stories-60334088.js                   0.53 kB │ gzip:   0.35 kB │ map:     0.11 kB
../../../../../var/folders/w6/8z5p98x95n76vrmm61h4tmpr0000gn/T/chromatic--71764-GquOHvAMpxU2/assets/Facebook.stories-a957dc97.js                   0.53 kB │ gzip:   0.35 kB │ map:     0.11 kB
../../../../../var/folders/w6/8z5p98x95n76vrmm61h4tmpr0000gn/T/chromatic--71764-GquOHvAMpxU2/assets/Calendar.stories-92c222f6.js                   0.53 kB │ gzip:   0.35 kB │ map:     0.11 kB
../../../../../var/folders/w6/8z5p98x95n76vrmm61h4tmpr0000gn/T/chromatic--71764-GquOHvAMpxU2/assets/Graphbar.stories-498a2639.js                   0.53 kB │ gzip:   0.35 kB │ map:     0.11 kB
../../../../../var/folders/w6/8z5p98x95n76vrmm61h4tmpr0000gn/T/chromatic--71764-GquOHvAMpxU2/assets/Collapse.stories-51e9724c.js                   0.53 kB │ gzip:   0.35 kB │ map:     0.11 kB
../../../../../var/folders/w6/8z5p98x95n76vrmm61h4tmpr0000gn/T/chromatic--71764-GquOHvAMpxU2/assets/Category.stories-57ac62f4.js                   0.53 kB │ gzip:   0.35 kB │ map:     0.11 kB
../../../../../var/folders/w6/8z5p98x95n76vrmm61h4tmpr0000gn/T/chromatic--71764-GquOHvAMpxU2/assets/CloseAlt.stories-7e1fa6bd.js                   0.53 kB │ gzip:   0.35 kB │ map:     0.11 kB
../../../../../var/folders/w6/8z5p98x95n76vrmm61h4tmpr0000gn/T/chromatic--71764-GquOHvAMpxU2/assets/Location.stories-eacbfda4.js                   0.53 kB │ gzip:   0.35 kB │ map:     0.11 kB
../../../../../var/folders/w6/8z5p98x95n76vrmm61h4tmpr0000gn/T/chromatic--71764-GquOHvAMpxU2/assets/Markdown.stories-2f7088fa.js                   0.53 kB │ gzip:   0.35 kB │ map:     0.11 kB
../../../../../var/folders/w6/8z5p98x95n76vrmm61h4tmpr0000gn/T/chromatic--71764-GquOHvAMpxU2/assets/Linkedin.stories-3e52670d.js                   0.53 kB │ gzip:   0.35 kB │ map:     0.11 kB
../../../../../var/folders/w6/8z5p98x95n76vrmm61h4tmpr0000gn/T/chromatic--71764-GquOHvAMpxU2/assets/Question.stories-5ca1a0b0.js                   0.53 kB │ gzip:   0.35 kB │ map:     0.11 kB
../../../../../var/folders/w6/8z5p98x95n76vrmm61h4tmpr0000gn/T/chromatic--71764-GquOHvAMpxU2/assets/Playnext.stories-fdfea222.js                   0.53 kB │ gzip:   0.35 kB │ map:     0.11 kB
../../../../../var/folders/w6/8z5p98x95n76vrmm61h4tmpr0000gn/T/chromatic--71764-GquOHvAMpxU2/assets/Playback.stories-1b3dcf54.js                   0.53 kB │ gzip:   0.35 kB │ map:     0.11 kB
../../../../../var/folders/w6/8z5p98x95n76vrmm61h4tmpr0000gn/T/chromatic--71764-GquOHvAMpxU2/assets/Sharealt.stories-8533fd06.js                   0.53 kB │ gzip:   0.35 kB │ map:     0.11 kB
../../../../../var/folders/w6/8z5p98x95n76vrmm61h4tmpr0000gn/T/chromatic--71764-GquOHvAMpxU2/assets/Thumbsup.stories-f17f7454.js                   0.53 kB │ gzip:   0.35 kB │ map:     0.11 kB
../../../../../var/folders/w6/8z5p98x95n76vrmm61h4tmpr0000gn/T/chromatic--71764-GquOHvAMpxU2/assets/Verified.stories-fd37f697.js                   0.53 kB │ gzip:   0.35 kB │ map:     0.11 kB
../../../../../var/folders/w6/8z5p98x95n76vrmm61h4tmpr0000gn/T/chromatic--71764-GquOHvAMpxU2/assets/Transfer.stories-fc1b0d77.js                   0.53 kB │ gzip:   0.35 kB │ map:     0.11 kB
../../../../../var/folders/w6/8z5p98x95n76vrmm61h4tmpr0000gn/T/chromatic--71764-GquOHvAMpxU2/assets/Subtract.stories-459653dc.js                   0.53 kB │ gzip:   0.35 kB │ map:     0.11 kB
../../../../../var/folders/w6/8z5p98x95n76vrmm61h4tmpr0000gn/T/chromatic--71764-GquOHvAMpxU2/assets/Redirect.stories-5a5123b1.js                   0.53 kB │ gzip:   0.35 kB │ map:     0.11 kB
../../../../../var/folders/w6/8z5p98x95n76vrmm61h4tmpr0000gn/T/chromatic--71764-GquOHvAMpxU2/assets/Arrowdown.stories-e890151e.js                  0.53 kB │ gzip:   0.35 kB │ map:     0.11 kB
../../../../../var/folders/w6/8z5p98x95n76vrmm61h4tmpr0000gn/T/chromatic--71764-GquOHvAMpxU2/assets/Arrowleft.stories-e72c9a90.js                  0.53 kB │ gzip:   0.35 kB │ map:     0.11 kB
../../../../../var/folders/w6/8z5p98x95n76vrmm61h4tmpr0000gn/T/chromatic--71764-GquOHvAMpxU2/assets/Batchdeny.stories-ff315c6f.js                  0.53 kB │ gzip:   0.35 kB │ map:     0.11 kB
../../../../../var/folders/w6/8z5p98x95n76vrmm61h4tmpr0000gn/T/chromatic--71764-GquOHvAMpxU2/assets/Dashboard.stories-e927cea7.js                  0.53 kB │ gzip:   0.35 kB │ map:     0.11 kB
../../../../../var/folders/w6/8z5p98x95n76vrmm61h4tmpr0000gn/T/chromatic--71764-GquOHvAMpxU2/assets/Facehappy.stories-9a124769.js                  0.53 kB │ gzip:   0.35 kB │ map:     0.11 kB
../../../../../var/folders/w6/8z5p98x95n76vrmm61h4tmpr0000gn/T/chromatic--71764-GquOHvAMpxU2/assets/Hourglass.stories-b0de89ba.js                  0.53 kB │ gzip:   0.35 kB │ map:     0.11 kB
../../../../../var/folders/w6/8z5p98x95n76vrmm61h4tmpr0000gn/T/chromatic--71764-GquOHvAMpxU2/assets/Bitbucket.stories-fb7eff84.js                  0.53 kB │ gzip:   0.35 kB │ map:     0.11 kB
../../../../../var/folders/w6/8z5p98x95n76vrmm61h4tmpr0000gn/T/chromatic--71764-GquOHvAMpxU2/assets/Component.stories-21b4338b.js                  0.53 kB │ gzip:   0.35 kB │ map:     0.11 kB
../../../../../var/folders/w6/8z5p98x95n76vrmm61h4tmpr0000gn/T/chromatic--71764-GquOHvAMpxU2/assets/Direction.stories-7ff1dd41.js                  0.53 kB │ gzip:   0.35 kB │ map:     0.11 kB
../../../../../var/folders/w6/8z5p98x95n76vrmm61h4tmpr0000gn/T/chromatic--71764-GquOHvAMpxU2/assets/Bottombar.stories-ab4de644.js                  0.53 kB │ gzip:   0.35 kB │ map:     0.11 kB
../../../../../var/folders/w6/8z5p98x95n76vrmm61h4tmpr0000gn/T/chromatic--71764-GquOHvAMpxU2/assets/Chromatic.stories-8edb4c53.js                  0.53 kB │ gzip:   0.35 kB │ map:     0.11 kB
../../../../../var/folders/w6/8z5p98x95n76vrmm61h4tmpr0000gn/T/chromatic--71764-GquOHvAMpxU2/assets/Graphline.stories-879fcd17.js                  0.53 kB │ gzip:   0.35 kB │ map:     0.11 kB
../../../../../var/folders/w6/8z5p98x95n76vrmm61h4tmpr0000gn/T/chromatic--71764-GquOHvAMpxU2/assets/ExpandAlt.stories-3558a373.js                  0.53 kB │ gzip:   0.35 kB │ map:     0.11 kB
../../../../../var/folders/w6/8z5p98x95n76vrmm61h4tmpr0000gn/T/chromatic--71764-GquOHvAMpxU2/assets/Lightning.stories-1063f30b.js                  0.53 kB │ gzip:   0.35 kB │ map:     0.11 kB
../../../../../var/folders/w6/8z5p98x95n76vrmm61h4tmpr0000gn/T/chromatic--71764-GquOHvAMpxU2/assets/PhotoDrag.stories-7412243f.js                  0.53 kB │ gzip:   0.35 kB │ map:     0.11 kB
../../../../../var/folders/w6/8z5p98x95n76vrmm61h4tmpr0000gn/T/chromatic--71764-GquOHvAMpxU2/assets/Paragraph.stories-288ab26f.js                  0.53 kB │ gzip:   0.35 kB │ map:     0.11 kB
../../../../../var/folders/w6/8z5p98x95n76vrmm61h4tmpr0000gn/T/chromatic--71764-GquOHvAMpxU2/assets/Paperclip.stories-f4c4e98d.js                  0.53 kB │ gzip:   0.35 kB │ map:     0.11 kB
../../../../../var/folders/w6/8z5p98x95n76vrmm61h4tmpr0000gn/T/chromatic--71764-GquOHvAMpxU2/assets/Switchalt.stories-78b26f6d.js                  0.53 kB │ gzip:   0.35 kB │ map:     0.11 kB
../../../../../var/folders/w6/8z5p98x95n76vrmm61h4tmpr0000gn/T/chromatic--71764-GquOHvAMpxU2/assets/Structure.stories-a504cb5f.js                  0.53 kB │ gzip:   0.35 kB │ map:     0.11 kB
../../../../../var/folders/w6/8z5p98x95n76vrmm61h4tmpr0000gn/T/chromatic--71764-GquOHvAMpxU2/assets/Storybook.stories-1ea16fd9.js                  0.53 kB │ gzip:   0.35 kB │ map:     0.11 kB
../../../../../var/folders/w6/8z5p98x95n76vrmm61h4tmpr0000gn/T/chromatic--71764-GquOHvAMpxU2/assets/Zoomreset.stories-8bd268fb.js                  0.53 kB │ gzip:   0.35 kB │ map:     0.11 kB
../../../../../var/folders/w6/8z5p98x95n76vrmm61h4tmpr0000gn/T/chromatic--71764-GquOHvAMpxU2/assets/Arrowright.stories-715e66ac.js                 0.54 kB │ gzip:   0.35 kB │ map:     0.12 kB
../../../../../var/folders/w6/8z5p98x95n76vrmm61h4tmpr0000gn/T/chromatic--71764-GquOHvAMpxU2/assets/Arrowupalt.stories-d5c33304.js                 0.54 kB │ gzip:   0.35 kB │ map:     0.12 kB
../../../../../var/folders/w6/8z5p98x95n76vrmm61h4tmpr0000gn/T/chromatic--71764-GquOHvAMpxU2/assets/Commentadd.stories-97cf6936.js                 0.54 kB │ gzip:   0.35 kB │ map:     0.12 kB
../../../../../var/folders/w6/8z5p98x95n76vrmm61h4tmpr0000gn/T/chromatic--71764-GquOHvAMpxU2/assets/Linkbroken.stories-e040899f.js                 0.54 kB │ gzip:   0.35 kB │ map:     0.12 kB
../../../../../var/folders/w6/8z5p98x95n76vrmm61h4tmpr0000gn/T/chromatic--71764-GquOHvAMpxU2/assets/Paintbrush.stories-40364bdc.js                 0.54 kB │ gzip:   0.35 kB │ map:     0.12 kB
../../../../../var/folders/w6/8z5p98x95n76vrmm61h4tmpr0000gn/T/chromatic--71764-GquOHvAMpxU2/assets/Sidebyside.stories-20b05020.js                 0.54 kB │ gzip:   0.35 kB │ map:     0.12 kB
../../../../../var/folders/w6/8z5p98x95n76vrmm61h4tmpr0000gn/T/chromatic--71764-GquOHvAMpxU2/assets/Starhollow.stories-600a5263.js                 0.54 kB │ gzip:   0.35 kB │ map:     0.12 kB
../../../../../var/folders/w6/8z5p98x95n76vrmm61h4tmpr0000gn/T/chromatic--71764-GquOHvAMpxU2/assets/SidebarAlt.stories-60e12a43.js                 0.54 kB │ gzip:   0.35 kB │ map:     0.12 kB
../../../../../var/folders/w6/8z5p98x95n76vrmm61h4tmpr0000gn/T/chromatic--71764-GquOHvAMpxU2/assets/Azuredevops.stories-e70f00f1.js                0.54 kB │ gzip:   0.35 kB │ map:     0.12 kB
../../../../../var/folders/w6/8z5p98x95n76vrmm61h4tmpr0000gn/T/chromatic--71764-GquOHvAMpxU2/assets/Batchaccept.stories-af1418be.js                0.54 kB │ gzip:   0.35 kB │ map:     0.12 kB
../../../../../var/folders/w6/8z5p98x95n76vrmm61h4tmpr0000gn/T/chromatic--71764-GquOHvAMpxU2/assets/Hearthollow.stories-0294a004.js                0.54 kB │ gzip:   0.35 kB │ map:     0.12 kB
../../../../../var/folders/w6/8z5p98x95n76vrmm61h4tmpr0000gn/T/chromatic--71764-GquOHvAMpxU2/assets/Certificate.stories-ca65a73d.js                0.54 kB │ gzip:   0.35 kB │ map:     0.12 kB
../../../../../var/folders/w6/8z5p98x95n76vrmm61h4tmpr0000gn/T/chromatic--71764-GquOHvAMpxU2/assets/Fastforward.stories-86c3858b.js                0.54 kB │ gzip:   0.35 kB │ map:     0.12 kB
../../../../../var/folders/w6/8z5p98x95n76vrmm61h4tmpr0000gn/T/chromatic--71764-GquOHvAMpxU2/assets/Cloudhollow.stories-2b7b3bbb.js                0.54 kB │ gzip:   0.35 kB │ map:     0.12 kB
../../../../../var/folders/w6/8z5p98x95n76vrmm61h4tmpr0000gn/T/chromatic--71764-GquOHvAMpxU2/assets/Faceneutral.stories-10be5809.js                0.54 kB │ gzip:   0.35 kB │ map:     0.12 kB
../../../../../var/folders/w6/8z5p98x95n76vrmm61h4tmpr0000gn/T/chromatic--71764-GquOHvAMpxU2/assets/Listordered.stories-a1e9a30c.js                0.54 kB │ gzip:   0.35 kB │ map:     0.12 kB
../../../../../var/folders/w6/8z5p98x95n76vrmm61h4tmpr0000gn/T/chromatic--71764-GquOHvAMpxU2/assets/Menureverse.stories-8cd4d465.js                0.54 kB │ gzip:   0.35 kB │ map:     0.12 kB
../../../../../var/folders/w6/8z5p98x95n76vrmm61h4tmpr0000gn/T/chromatic--71764-GquOHvAMpxU2/assets/Pointerhand.stories-b18b8aca.js                0.54 kB │ gzip:   0.35 kB │ map:     0.12 kB
../../../../../var/folders/w6/8z5p98x95n76vrmm61h4tmpr0000gn/T/chromatic--71764-GquOHvAMpxU2/assets/Pullrequest.stories-4b069e6a.js                0.54 kB │ gzip:   0.35 kB │ map:     0.12 kB
../../../../../var/folders/w6/8z5p98x95n76vrmm61h4tmpr0000gn/T/chromatic--71764-GquOHvAMpxU2/assets/Arrowdownalt.stories-9ed1449e.js               0.54 kB │ gzip:   0.35 kB │ map:     0.12 kB
../../../../../var/folders/w6/8z5p98x95n76vrmm61h4tmpr0000gn/T/chromatic--71764-GquOHvAMpxU2/assets/Arrowleftalt.stories-a9cb4073.js               0.54 kB │ gzip:   0.35 kB │ map:     0.12 kB
../../../../../var/folders/w6/8z5p98x95n76vrmm61h4tmpr0000gn/T/chromatic--71764-GquOHvAMpxU2/assets/Circlehollow.stories-ff3b9380.js               0.54 kB │ gzip:   0.35 kB │ map:     0.12 kB
../../../../../var/folders/w6/8z5p98x95n76vrmm61h4tmpr0000gn/T/chromatic--71764-GquOHvAMpxU2/assets/Lightningoff.stories-107f8e72.js               0.54 kB │ gzip:   0.35 kB │ map:     0.12 kB
../../../../../var/folders/w6/8z5p98x95n76vrmm61h4tmpr0000gn/T/chromatic--71764-GquOHvAMpxU2/assets/Accessibility.stories-6f42b808.js              0.54 kB │ gzip:   0.35 kB │ map:     0.12 kB
../../../../../var/folders/w6/8z5p98x95n76vrmm61h4tmpr0000gn/T/chromatic--71764-GquOHvAMpxU2/assets/Arrowrightalt.stories-f41f63b4.js              0.54 kB │ gzip:   0.35 kB │ map:     0.12 kB
../../../../../var/folders/w6/8z5p98x95n76vrmm61h4tmpr0000gn/T/chromatic--71764-GquOHvAMpxU2/assets/Listunordered.stories-d423f1b5.js              0.54 kB │ gzip:   0.35 kB │ map:     0.12 kB
../../../../../var/folders/w6/8z5p98x95n76vrmm61h4tmpr0000gn/T/chromatic--71764-GquOHvAMpxU2/assets/Sidebartoggle.stories-5de38622.js              0.54 kB │ gzip:   0.35 kB │ map:     0.12 kB
../../../../../var/folders/w6/8z5p98x95n76vrmm61h4tmpr0000gn/T/chromatic--71764-GquOHvAMpxU2/assets/Requestchange.stories-9c1cf0ba.js              0.54 kB │ gzip:   0.35 kB │ map:     0.12 kB
../../../../../var/folders/w6/8z5p98x95n76vrmm61h4tmpr0000gn/T/chromatic--71764-GquOHvAMpxU2/assets/Bookmarkhollow.stories-8c66dd85.js             0.54 kB │ gzip:   0.36 kB │ map:     0.12 kB
../../../../../var/folders/w6/8z5p98x95n76vrmm61h4tmpr0000gn/T/chromatic--71764-GquOHvAMpxU2/assets/Pointerdefault.stories-a98c23cc.js             0.54 kB │ gzip:   0.35 kB │ map:     0.12 kB
../../../../../var/folders/w6/8z5p98x95n76vrmm61h4tmpr0000gn/T/chromatic--71764-GquOHvAMpxU2/assets/Bottombartoggle.stories-1ff24ad5.js            0.55 kB │ gzip:   0.35 kB │ map:     0.12 kB
../../../../../var/folders/w6/8z5p98x95n76vrmm61h4tmpr0000gn/T/chromatic--71764-GquOHvAMpxU2/assets/ComponentDriven.stories-da98709a.js            0.55 kB │ gzip:   0.35 kB │ map:     0.12 kB
../../../../../var/folders/w6/8z5p98x95n76vrmm61h4tmpr0000gn/T/chromatic--71764-GquOHvAMpxU2/assets/AccessibilityAlt.stories-0a405aae.js           0.55 kB │ gzip:   0.35 kB │ map:     0.12 kB
../../../../../var/folders/w6/8z5p98x95n76vrmm61h4tmpr0000gn/T/chromatic--71764-GquOHvAMpxU2/assets/Sidebaralttoggle.stories-c0c1c732.js           0.55 kB │ gzip:   0.35 kB │ map:     0.12 kB
../../../../../var/folders/w6/8z5p98x95n76vrmm61h4tmpr0000gn/T/chromatic--71764-GquOHvAMpxU2/assets/react-18-95a02a32.js                           0.59 kB │ gzip:   0.38 kB │ map:     2.63 kB
../../../../../var/folders/w6/8z5p98x95n76vrmm61h4tmpr0000gn/T/chromatic--71764-GquOHvAMpxU2/assets/_commonjsHelpers-042e6b4d.js                   0.78 kB │ gzip:   0.44 kB │ map:     0.11 kB
../../../../../var/folders/w6/8z5p98x95n76vrmm61h4tmpr0000gn/T/chromatic--71764-GquOHvAMpxU2/assets/index-356e4a49.js                              0.81 kB │ gzip:   0.51 kB │ map:     3.26 kB
../../../../../var/folders/w6/8z5p98x95n76vrmm61h4tmpr0000gn/T/chromatic--71764-GquOHvAMpxU2/assets/Circle-d6931ead.js                             0.86 kB │ gzip:   0.51 kB │ map:     1.15 kB
../../../../../var/folders/w6/8z5p98x95n76vrmm61h4tmpr0000gn/T/chromatic--71764-GquOHvAMpxU2/assets/Italic-22af334a.js                             0.87 kB │ gzip:   0.52 kB │ map:     1.20 kB
../../../../../var/folders/w6/8z5p98x95n76vrmm61h4tmpr0000gn/T/chromatic--71764-GquOHvAMpxU2/assets/Plus-144e5ef2.js                               0.90 kB │ gzip:   0.53 kB │ map:     1.23 kB
../../../../../var/folders/w6/8z5p98x95n76vrmm61h4tmpr0000gn/T/chromatic--71764-GquOHvAMpxU2/assets/Stopalt-80390bab.js                            0.91 kB │ gzip:   0.53 kB │ map:     1.25 kB
../../../../../var/folders/w6/8z5p98x95n76vrmm61h4tmpr0000gn/T/chromatic--71764-GquOHvAMpxU2/assets/Windows-0eb16de7.js                            0.91 kB │ gzip:   0.54 kB │ map:     1.25 kB
../../../../../var/folders/w6/8z5p98x95n76vrmm61h4tmpr0000gn/T/chromatic--71764-GquOHvAMpxU2/assets/Play-50d959a3.js                               0.92 kB │ gzip:   0.54 kB │ map:     1.25 kB
../../../../../var/folders/w6/8z5p98x95n76vrmm61h4tmpr0000gn/T/chromatic--71764-GquOHvAMpxU2/assets/preview-2e81825b.js                            0.92 kB │ gzip:   0.60 kB │ map:     2.89 kB
../../../../../var/folders/w6/8z5p98x95n76vrmm61h4tmpr0000gn/T/chromatic--71764-GquOHvAMpxU2/assets/Paragraph-3cb5af49.js                          0.92 kB │ gzip:   0.54 kB │ map:     1.26 kB
../../../../../var/folders/w6/8z5p98x95n76vrmm61h4tmpr0000gn/T/chromatic--71764-GquOHvAMpxU2/assets/Check-ad0b06aa.js                              0.93 kB │ gzip:   0.55 kB │ map:     1.26 kB
../../../../../var/folders/w6/8z5p98x95n76vrmm61h4tmpr0000gn/T/chromatic--71764-GquOHvAMpxU2/assets/Arrowup-8d804207.js                            0.93 kB │ gzip:   0.55 kB │ map:     1.27 kB
../../../../../var/folders/w6/8z5p98x95n76vrmm61h4tmpr0000gn/T/chromatic--71764-GquOHvAMpxU2/assets/Changed-ab9ab1a0.js                            0.94 kB │ gzip:   0.55 kB │ map:     1.33 kB
../../../../../var/folders/w6/8z5p98x95n76vrmm61h4tmpr0000gn/T/chromatic--71764-GquOHvAMpxU2/assets/Arrowdown-b1ad36b1.js                          0.94 kB │ gzip:   0.55 kB │ map:     1.28 kB
../../../../../var/folders/w6/8z5p98x95n76vrmm61h4tmpr0000gn/T/chromatic--71764-GquOHvAMpxU2/assets/Circlehollow-82a8e4b1.js                       0.94 kB │ gzip:   0.55 kB │ map:     1.34 kB
../../../../../var/folders/w6/8z5p98x95n76vrmm61h4tmpr0000gn/T/chromatic--71764-GquOHvAMpxU2/assets/Arrowright-0f02db4c.js                         0.95 kB │ gzip:   0.55 kB │ map:     1.29 kB
../../../../../var/folders/w6/8z5p98x95n76vrmm61h4tmpr0000gn/T/chromatic--71764-GquOHvAMpxU2/assets/Ellipsis-14736dc7.js                           0.95 kB │ gzip:   0.53 kB │ map:     1.29 kB
../../../../../var/folders/w6/8z5p98x95n76vrmm61h4tmpr0000gn/T/chromatic--71764-GquOHvAMpxU2/assets/Cloud-fe3b2e41.js                              0.95 kB │ gzip:   0.57 kB │ map:     1.28 kB
../../../../../var/folders/w6/8z5p98x95n76vrmm61h4tmpr0000gn/T/chromatic--71764-GquOHvAMpxU2/assets/Arrowleft-8572247a.js                          0.96 kB │ gzip:   0.57 kB │ map:     1.31 kB
../../../../../var/folders/w6/8z5p98x95n76vrmm61h4tmpr0000gn/T/chromatic--71764-GquOHvAMpxU2/assets/Mirror-771d4571.js                             0.97 kB │ gzip:   0.56 kB │ map:     1.36 kB
../../../../../var/folders/w6/8z5p98x95n76vrmm61h4tmpr0000gn/T/chromatic--71764-GquOHvAMpxU2/assets/Undo-a983b8f7.js                               0.97 kB │ gzip:   0.58 kB │ map:     1.30 kB
../../../../../var/folders/w6/8z5p98x95n76vrmm61h4tmpr0000gn/T/chromatic--71764-GquOHvAMpxU2/assets/Arrowupalt-657ecddc.js                         0.97 kB │ gzip:   0.56 kB │ map:     1.31 kB
../../../../../var/folders/w6/8z5p98x95n76vrmm61h4tmpr0000gn/T/chromatic--71764-GquOHvAMpxU2/assets/Stacked-ed7f0899.js                            0.97 kB │ gzip:   0.56 kB │ map:     1.36 kB
../../../../../var/folders/w6/8z5p98x95n76vrmm61h4tmpr0000gn/T/chromatic--71764-GquOHvAMpxU2/assets/Gdrive-573d8e3f.js                             0.98 kB │ gzip:   0.59 kB │ map:     1.31 kB
../../../../../var/folders/w6/8z5p98x95n76vrmm61h4tmpr0000gn/T/chromatic--71764-GquOHvAMpxU2/assets/Sidebyside-1fed6263.js                         0.98 kB │ gzip:   0.56 kB │ map:     1.37 kB
../../../../../var/folders/w6/8z5p98x95n76vrmm61h4tmpr0000gn/T/chromatic--71764-GquOHvAMpxU2/assets/Alertalt-3f8dfa4a.js                           0.99 kB │ gzip:   0.58 kB │ map:     1.38 kB
../../../../../var/folders/w6/8z5p98x95n76vrmm61h4tmpr0000gn/T/chromatic--71764-GquOHvAMpxU2/assets/Commit-c7587714.js                             0.99 kB │ gzip:   0.58 kB │ map:     1.37 kB
../../../../../var/folders/w6/8z5p98x95n76vrmm61h4tmpr0000gn/T/chromatic--71764-GquOHvAMpxU2/assets/Mobile-1c6efb48.js                             0.99 kB │ gzip:   0.56 kB │ map:     1.37 kB
../../../../../var/folders/w6/8z5p98x95n76vrmm61h4tmpr0000gn/T/chromatic--71764-GquOHvAMpxU2/assets/Arrowleftalt-fed89ca3.js                       0.99 kB │ gzip:   0.56 kB │ map:     1.34 kB
../../../../../var/folders/w6/8z5p98x95n76vrmm61h4tmpr0000gn/T/chromatic--71764-GquOHvAMpxU2/assets/CloseAlt-cdf8d758.js                           0.99 kB │ gzip:   0.57 kB │ map:     1.33 kB
../../../../../var/folders/w6/8z5p98x95n76vrmm61h4tmpr0000gn/T/chromatic--71764-GquOHvAMpxU2/assets/Menu-b2a34d1f.js                               0.99 kB │ gzip:   0.56 kB │ map:     1.32 kB
../../../../../var/folders/w6/8z5p98x95n76vrmm61h4tmpr0000gn/T/chromatic--71764-GquOHvAMpxU2/assets/Arrowrightalt-5cf23610.js                      0.99 kB │ gzip:   0.57 kB │ map:     1.34 kB
../../../../../var/folders/w6/8z5p98x95n76vrmm61h4tmpr0000gn/T/chromatic--71764-GquOHvAMpxU2/assets/Filter-d5a2eb00.js                             0.99 kB │ gzip:   0.56 kB │ map:     1.33 kB
../../../../../var/folders/w6/8z5p98x95n76vrmm61h4tmpr0000gn/T/chromatic--71764-GquOHvAMpxU2/assets/Cross-428e35fc.js                              0.99 kB │ gzip:   0.56 kB │ map:     1.33 kB
../../../../../var/folders/w6/8z5p98x95n76vrmm61h4tmpr0000gn/T/chromatic--71764-GquOHvAMpxU2/assets/Power-55525211.js                              0.99 kB │ gzip:   0.57 kB │ map:     1.43 kB
../../../../../var/folders/w6/8z5p98x95n76vrmm61h4tmpr0000gn/T/chromatic--71764-GquOHvAMpxU2/assets/Bold-b32696fe.js                               1.00 kB │ gzip:   0.60 kB │ map:     1.38 kB
../../../../../var/folders/w6/8z5p98x95n76vrmm61h4tmpr0000gn/T/chromatic--71764-GquOHvAMpxU2/assets/Arrowdownalt-8b387e12.js                       1.00 kB │ gzip:   0.59 kB │ map:     1.35 kB
../../../../../var/folders/w6/8z5p98x95n76vrmm61h4tmpr0000gn/T/chromatic--71764-GquOHvAMpxU2/assets/Playnext-bd966228.js                           1.00 kB │ gzip:   0.59 kB │ map:     1.34 kB
../../../../../var/folders/w6/8z5p98x95n76vrmm61h4tmpr0000gn/T/chromatic--71764-GquOHvAMpxU2/assets/Delete-684e6cc4.js                             1.00 kB │ gzip:   0.59 kB │ map:     1.39 kB
../../../../../var/folders/w6/8z5p98x95n76vrmm61h4tmpr0000gn/T/chromatic--71764-GquOHvAMpxU2/assets/Playback-b34708fb.js                           1.01 kB │ gzip:   0.60 kB │ map:     1.34 kB
../../../../../var/folders/w6/8z5p98x95n76vrmm61h4tmpr0000gn/T/chromatic--71764-GquOHvAMpxU2/assets/Search-98cf9b48.js                             1.01 kB │ gzip:   0.59 kB │ map:     1.39 kB
../../../../../var/folders/w6/8z5p98x95n76vrmm61h4tmpr0000gn/T/chromatic--71764-GquOHvAMpxU2/assets/Graphbar-3d76cc0a.js                           1.01 kB │ gzip:   0.56 kB │ map:     1.35 kB
../../../../../var/folders/w6/8z5p98x95n76vrmm61h4tmpr0000gn/T/chromatic--71764-GquOHvAMpxU2/assets/Menureverse-e1dbaafa.js                        1.01 kB │ gzip:   0.57 kB │ map:     1.36 kB
../../../../../var/folders/w6/8z5p98x95n76vrmm61h4tmpr0000gn/T/chromatic--71764-GquOHvAMpxU2/assets/Rewind-818c1707.js                             1.01 kB │ gzip:   0.59 kB │ map:     1.35 kB
../../../../../var/folders/w6/8z5p98x95n76vrmm61h4tmpr0000gn/T/chromatic--71764-GquOHvAMpxU2/assets/Reply-40120f79.js                              1.01 kB │ gzip:   0.59 kB │ map:     1.35 kB
../../../../../var/folders/w6/8z5p98x95n76vrmm61h4tmpr0000gn/T/chromatic--71764-GquOHvAMpxU2/assets/Bookmark-7d3e8318.js                           1.02 kB │ gzip:   0.59 kB │ map:     1.40 kB
../../../../../var/folders/w6/8z5p98x95n76vrmm61h4tmpr0000gn/T/chromatic--71764-GquOHvAMpxU2/assets/Passed-b6cfaa03.js                             1.02 kB │ gzip:   0.59 kB │ map:     1.40 kB
../../../../../var/folders/w6/8z5p98x95n76vrmm61h4tmpr0000gn/T/chromatic--71764-GquOHvAMpxU2/assets/Subtract-4fe6332d.js                           1.02 kB │ gzip:   0.59 kB │ map:     1.51 kB
../../../../../var/folders/w6/8z5p98x95n76vrmm61h4tmpr0000gn/T/chromatic--71764-GquOHvAMpxU2/assets/Folder-44de9624.js                             1.02 kB │ gzip:   0.60 kB │ map:     1.41 kB
../../../../../var/folders/w6/8z5p98x95n76vrmm61h4tmpr0000gn/T/chromatic--71764-GquOHvAMpxU2/assets/Collapse-4d37ffb2.js                           1.02 kB │ gzip:   0.58 kB │ map:     1.36 kB
../../../../../var/folders/w6/8z5p98x95n76vrmm61h4tmpr0000gn/T/chromatic--71764-GquOHvAMpxU2/assets/preview-b998c527.js                            1.03 kB │ gzip:   0.67 kB │ map:     3.14 kB
../../../../../var/folders/w6/8z5p98x95n76vrmm61h4tmpr0000gn/T/chromatic--71764-GquOHvAMpxU2/assets/Fastforward-0ee032b1.js                        1.03 kB │ gzip:   0.59 kB │ map:     1.37 kB
../../../../../var/folders/w6/8z5p98x95n76vrmm61h4tmpr0000gn/T/chromatic--71764-GquOHvAMpxU2/assets/Refresh-b63836b6.js                            1.03 kB │ gzip:   0.60 kB │ map:     1.36 kB
../../../../../var/folders/w6/8z5p98x95n76vrmm61h4tmpr0000gn/T/chromatic--71764-GquOHvAMpxU2/assets/Redirect-24477d7e.js                           1.03 kB │ gzip:   0.59 kB │ map:     1.37 kB
../../../../../var/folders/w6/8z5p98x95n76vrmm61h4tmpr0000gn/T/chromatic--71764-GquOHvAMpxU2/assets/Flag-5000ffb4.js                               1.03 kB │ gzip:   0.61 kB │ map:     1.41 kB
../../../../../var/folders/w6/8z5p98x95n76vrmm61h4tmpr0000gn/T/chromatic--71764-GquOHvAMpxU2/assets/Facebook-c95aeb7d.js                           1.04 kB │ gzip:   0.63 kB │ map:     1.42 kB
../../../../../var/folders/w6/8z5p98x95n76vrmm61h4tmpr0000gn/T/chromatic--71764-GquOHvAMpxU2/assets/Time-09988b35.js                               1.04 kB │ gzip:   0.59 kB │ map:     1.52 kB
../../../../../var/folders/w6/8z5p98x95n76vrmm61h4tmpr0000gn/T/chromatic--71764-GquOHvAMpxU2/assets/ExpandAlt-e4dcc775.js                          1.04 kB │ gzip:   0.59 kB │ map:     1.38 kB
../../../../../var/folders/w6/8z5p98x95n76vrmm61h4tmpr0000gn/T/chromatic--71764-GquOHvAMpxU2/assets/Stop-fdc1237f.js                               1.04 kB │ gzip:   0.59 kB │ map:     1.53 kB
../../../../../var/folders/w6/8z5p98x95n76vrmm61h4tmpr0000gn/T/chromatic--71764-GquOHvAMpxU2/assets/Star-1a4581a1.js                               1.05 kB │ gzip:   0.62 kB │ map:     1.38 kB
../../../../../var/folders/w6/8z5p98x95n76vrmm61h4tmpr0000gn/T/chromatic--71764-GquOHvAMpxU2/assets/Gridalt-5ce36f76.js                            1.05 kB │ gzip:   0.61 kB │ map:     1.39 kB
../../../../../var/folders/w6/8z5p98x95n76vrmm61h4tmpr0000gn/T/chromatic--71764-GquOHvAMpxU2/assets/Tablet-056e47c6.js                             1.05 kB │ gzip:   0.59 kB │ map:     1.44 kB
../../../../../var/folders/w6/8z5p98x95n76vrmm61h4tmpr0000gn/T/chromatic--71764-GquOHvAMpxU2/assets/Add-a9973967.js                                1.06 kB │ gzip:   0.60 kB │ map:     1.54 kB
../../../../../var/folders/w6/8z5p98x95n76vrmm61h4tmpr0000gn/T/chromatic--71764-GquOHvAMpxU2/assets/Bitbucket-1ba1a92a.js                          1.06 kB │ gzip:   0.63 kB │ map:     1.45 kB
../../../../../var/folders/w6/8z5p98x95n76vrmm61h4tmpr0000gn/T/chromatic--71764-GquOHvAMpxU2/assets/Info-407a0b54.js                               1.06 kB │ gzip:   0.60 kB │ map:     1.54 kB
../../../../../var/folders/w6/8z5p98x95n76vrmm61h4tmpr0000gn/T/chromatic--71764-GquOHvAMpxU2/assets/Zoomreset-1c05af21.js                          1.06 kB │ gzip:   0.61 kB │ map:     1.40 kB
../../../../../var/folders/w6/8z5p98x95n76vrmm61h4tmpr0000gn/T/chromatic--71764-GquOHvAMpxU2/assets/Email-7255020a.js                              1.07 kB │ gzip:   0.63 kB │ map:     1.45 kB
../../../../../var/folders/w6/8z5p98x95n76vrmm61h4tmpr0000gn/T/chromatic--71764-GquOHvAMpxU2/assets/Credit-f1581277.js                             1.07 kB │ gzip:   0.60 kB │ map:     1.56 kB
../../../../../var/folders/w6/8z5p98x95n76vrmm61h4tmpr0000gn/T/chromatic--71764-GquOHvAMpxU2/assets/Browser-3e313da9.js                            1.07 kB │ gzip:   0.58 kB │ map:     1.45 kB
../../../../../var/folders/w6/8z5p98x95n76vrmm61h4tmpr0000gn/T/chromatic--71764-GquOHvAMpxU2/assets/Form-9a6b6c47.js                               1.07 kB │ gzip:   0.61 kB │ map:     1.51 kB
../../../../../var/folders/w6/8z5p98x95n76vrmm61h4tmpr0000gn/T/chromatic--71764-GquOHvAMpxU2/assets/ComponentDriven-f9014f35.js                    1.07 kB │ gzip:   0.60 kB │ map:     1.43 kB
../../../../../var/folders/w6/8z5p98x95n76vrmm61h4tmpr0000gn/T/chromatic--71764-GquOHvAMpxU2/assets/Outbox-a65e5d8f.js                             1.08 kB │ gzip:   0.61 kB │ map:     1.52 kB
../../../../../var/folders/w6/8z5p98x95n76vrmm61h4tmpr0000gn/T/chromatic--71764-GquOHvAMpxU2/assets/Failed-c899b4ff.js                             1.08 kB │ gzip:   0.61 kB │ map:     1.46 kB
../../../../../var/folders/w6/8z5p98x95n76vrmm61h4tmpr0000gn/T/chromatic--71764-GquOHvAMpxU2/assets/Back-a480e340.js                               1.08 kB │ gzip:   0.62 kB │ map:     1.57 kB
../../../../../var/folders/w6/8z5p98x95n76vrmm61h4tmpr0000gn/T/chromatic--71764-GquOHvAMpxU2/assets/Switchalt-7ac7f913.js                          1.09 kB │ gzip:   0.62 kB │ map:     1.48 kB
../../../../../var/folders/w6/8z5p98x95n76vrmm61h4tmpr0000gn/T/chromatic--71764-GquOHvAMpxU2/assets/Faceneutral-920c3958.js                        1.09 kB │ gzip:   0.62 kB │ map:     1.59 kB
../../../../../var/folders/w6/8z5p98x95n76vrmm61h4tmpr0000gn/T/chromatic--71764-GquOHvAMpxU2/assets/Sharealt-5a6e150c.js                           1.09 kB │ gzip:   0.61 kB │ map:     1.53 kB
../../../../../var/folders/w6/8z5p98x95n76vrmm61h4tmpr0000gn/T/chromatic--71764-GquOHvAMpxU2/assets/Upload-d9e809ab.js                             1.09 kB │ gzip:   0.62 kB │ map:     1.59 kB
../../../../../var/folders/w6/8z5p98x95n76vrmm61h4tmpr0000gn/T/chromatic--71764-GquOHvAMpxU2/assets/Proceed-8f0f355b.js                            1.09 kB │ gzip:   0.62 kB │ map:     1.58 kB
../../../../../var/folders/w6/8z5p98x95n76vrmm61h4tmpr0000gn/T/chromatic--71764-GquOHvAMpxU2/assets/Book-b333346c.js                               1.10 kB │ gzip:   0.65 kB │ map:     1.48 kB
../../../../../var/folders/w6/8z5p98x95n76vrmm61h4tmpr0000gn/T/chromatic--71764-GquOHvAMpxU2/assets/Transfer-a6155959.js                           1.10 kB │ gzip:   0.61 kB │ map:     1.44 kB
../../../../../var/folders/w6/8z5p98x95n76vrmm61h4tmpr0000gn/T/chromatic--71764-GquOHvAMpxU2/assets/Download-2f651916.js                           1.10 kB │ gzip:   0.63 kB │ map:     1.59 kB
../../../../../var/folders/w6/8z5p98x95n76vrmm61h4tmpr0000gn/T/chromatic--71764-GquOHvAMpxU2/assets/Doclist-317c624c.js                            1.10 kB │ gzip:   0.61 kB │ map:     1.59 kB
../../../../../var/folders/w6/8z5p98x95n76vrmm61h4tmpr0000gn/T/chromatic--71764-GquOHvAMpxU2/assets/Share-a9e5f0ad.js                              1.10 kB │ gzip:   0.63 kB │ map:     1.54 kB
../../../../../var/folders/w6/8z5p98x95n76vrmm61h4tmpr0000gn/T/chromatic--71764-GquOHvAMpxU2/assets/Outline-35445ddb.js                            1.10 kB │ gzip:   0.63 kB │ map:     1.44 kB
../../../../../var/folders/w6/8z5p98x95n76vrmm61h4tmpr0000gn/T/chromatic--71764-GquOHvAMpxU2/assets/Listunordered-56bf5b6a.js                      1.10 kB │ gzip:   0.59 kB │ map:     1.45 kB
../../../../../var/folders/w6/8z5p98x95n76vrmm61h4tmpr0000gn/T/chromatic--71764-GquOHvAMpxU2/assets/Location-fac065ec.js                           1.10 kB │ gzip:   0.61 kB │ map:     1.49 kB
../../../../../var/folders/w6/8z5p98x95n76vrmm61h4tmpr0000gn/T/chromatic--71764-GquOHvAMpxU2/assets/Jumpto-118ea730.js                             1.11 kB │ gzip:   0.62 kB │ map:     1.55 kB
../../../../../var/folders/w6/8z5p98x95n76vrmm61h4tmpr0000gn/T/chromatic--71764-GquOHvAMpxU2/assets/Wrench-fff21ec8.js                             1.11 kB │ gzip:   0.64 kB │ map:     1.49 kB
../../../../../var/folders/w6/8z5p98x95n76vrmm61h4tmpr0000gn/T/chromatic--71764-GquOHvAMpxU2/assets/Markdown-6570895d.js                           1.11 kB │ gzip:   0.64 kB │ map:     1.60 kB
../../../../../var/folders/w6/8z5p98x95n76vrmm61h4tmpr0000gn/T/chromatic--71764-GquOHvAMpxU2/assets/Zoomout-bb1f3cc5.js                            1.11 kB │ gzip:   0.63 kB │ map:     1.56 kB
../../../../../var/folders/w6/8z5p98x95n76vrmm61h4tmpr0000gn/T/chromatic--71764-GquOHvAMpxU2/assets/Lock-9b327624.js                               1.11 kB │ gzip:   0.64 kB │ map:     1.60 kB
../../../../../var/folders/w6/8z5p98x95n76vrmm61h4tmpr0000gn/T/chromatic--71764-GquOHvAMpxU2/assets/Docchart-29a9b123.js                           1.12 kB │ gzip:   0.62 kB │ map:     1.50 kB
../../../../../var/folders/w6/8z5p98x95n76vrmm61h4tmpr0000gn/T/chromatic--71764-GquOHvAMpxU2/assets/Repo-f0222fd1.js                               1.12 kB │ gzip:   0.61 kB │ map:     1.61 kB
../../../../../var/folders/w6/8z5p98x95n76vrmm61h4tmpr0000gn/T/chromatic--71764-GquOHvAMpxU2/assets/Batchaccept-1c267dbb.js                        1.12 kB │ gzip:   0.62 kB │ map:     1.46 kB
../../../../../var/folders/w6/8z5p98x95n76vrmm61h4tmpr0000gn/T/chromatic--71764-GquOHvAMpxU2/assets/Gitlab-ff97aa28.js                             1.12 kB │ gzip:   0.64 kB │ map:     1.50 kB
../../../../../var/folders/w6/8z5p98x95n76vrmm61h4tmpr0000gn/T/chromatic--71764-GquOHvAMpxU2/assets/Listordered-27c5a4a8.js                        1.12 kB │ gzip:   0.61 kB │ map:     1.46 kB
../../../../../var/folders/w6/8z5p98x95n76vrmm61h4tmpr0000gn/T/chromatic--71764-GquOHvAMpxU2/assets/Bookmarkhollow-766db337.js                     1.12 kB │ gzip:   0.65 kB │ map:     1.52 kB
../../../../../var/folders/w6/8z5p98x95n76vrmm61h4tmpr0000gn/T/chromatic--71764-GquOHvAMpxU2/assets/Controls-b484f0d5.js                           1.12 kB │ gzip:   0.60 kB │ map:     1.46 kB
../../../../../var/folders/w6/8z5p98x95n76vrmm61h4tmpr0000gn/T/chromatic--71764-GquOHvAMpxU2/assets/Structure-a5e2509c.js                          1.12 kB │ gzip:   0.65 kB │ map:     1.51 kB
../../../../../var/folders/w6/8z5p98x95n76vrmm61h4tmpr0000gn/T/chromatic--71764-GquOHvAMpxU2/assets/Markup-a5bc287b.js                             1.12 kB │ gzip:   0.63 kB │ map:     1.46 kB
../../../../../var/folders/w6/8z5p98x95n76vrmm61h4tmpr0000gn/T/chromatic--71764-GquOHvAMpxU2/assets/Sync-b04b3d1e.js                               1.12 kB │ gzip:   0.64 kB │ map:     1.45 kB
../../../../../var/folders/w6/8z5p98x95n76vrmm61h4tmpr0000gn/T/chromatic--71764-GquOHvAMpxU2/assets/Question-df63ebba.js                           1.12 kB │ gzip:   0.63 kB │ map:     1.62 kB
../../../../../var/folders/w6/8z5p98x95n76vrmm61h4tmpr0000gn/T/chromatic--71764-GquOHvAMpxU2/assets/Home-cc47215b.js                               1.12 kB │ gzip:   0.62 kB │ map:     1.50 kB
../../../../../var/folders/w6/8z5p98x95n76vrmm61h4tmpr0000gn/T/chromatic--71764-GquOHvAMpxU2/assets/Category-9a6476e8.js                           1.13 kB │ gzip:   0.61 kB │ map:     1.62 kB
../../../../../var/folders/w6/8z5p98x95n76vrmm61h4tmpr0000gn/T/chromatic--71764-GquOHvAMpxU2/assets/Direction-f23cc3f0.js                          1.13 kB │ gzip:   0.65 kB │ map:     1.74 kB
../../../../../var/folders/w6/8z5p98x95n76vrmm61h4tmpr0000gn/T/chromatic--71764-GquOHvAMpxU2/assets/Timer-fe96813f.js                              1.13 kB │ gzip:   0.65 kB │ map:     1.62 kB
../../../../../var/folders/w6/8z5p98x95n76vrmm61h4tmpr0000gn/T/chromatic--71764-GquOHvAMpxU2/assets/Command-2e50c914.js                            1.13 kB │ gzip:   0.63 kB │ map:     1.52 kB
../../../../../var/folders/w6/8z5p98x95n76vrmm61h4tmpr0000gn/T/chromatic--71764-GquOHvAMpxU2/assets/Type-5efbe78c.js                               1.14 kB │ gzip:   0.61 kB │ map:     1.57 kB
../../../../../var/folders/w6/8z5p98x95n76vrmm61h4tmpr0000gn/T/chromatic--71764-GquOHvAMpxU2/assets/Beaker-079614fe.js                             1.14 kB │ gzip:   0.68 kB │ map:     1.52 kB
../../../../../var/folders/w6/8z5p98x95n76vrmm61h4tmpr0000gn/T/chromatic--71764-GquOHvAMpxU2/assets/Cloudhollow-25cba492.js                        1.14 kB │ gzip:   0.67 kB │ map:     1.54 kB
../../../../../var/folders/w6/8z5p98x95n76vrmm61h4tmpr0000gn/T/chromatic--71764-GquOHvAMpxU2/assets/Zoom-88aebe42.js                               1.14 kB │ gzip:   0.64 kB │ map:     1.63 kB
../../../../../var/folders/w6/8z5p98x95n76vrmm61h4tmpr0000gn/T/chromatic--71764-GquOHvAMpxU2/assets/Chat-497269b5.js                               1.14 kB │ gzip:   0.64 kB │ map:     1.52 kB
../../../../../var/folders/w6/8z5p98x95n76vrmm61h4tmpr0000gn/T/chromatic--71764-GquOHvAMpxU2/assets/Component-4ace6d27.js                          1.14 kB │ gzip:   0.62 kB │ map:     1.53 kB
../../../../../var/folders/w6/8z5p98x95n76vrmm61h4tmpr0000gn/T/chromatic--71764-GquOHvAMpxU2/assets/Certificate-fdb04d00.js                        1.14 kB │ gzip:   0.68 kB │ map:     1.54 kB
../../../../../var/folders/w6/8z5p98x95n76vrmm61h4tmpr0000gn/T/chromatic--71764-GquOHvAMpxU2/assets/Camera-ef3aacd9.js                             1.15 kB │ gzip:   0.62 kB │ map:     1.69 kB
../../../../../var/folders/w6/8z5p98x95n76vrmm61h4tmpr0000gn/T/chromatic--71764-GquOHvAMpxU2/assets/Close-738eddc9.js                              1.15 kB │ gzip:   0.64 kB │ map:     1.64 kB
../../../../../var/folders/w6/8z5p98x95n76vrmm61h4tmpr0000gn/T/chromatic--71764-GquOHvAMpxU2/assets/Batchdeny-06579cea.js                          1.15 kB │ gzip:   0.63 kB │ map:     1.49 kB
../../../../../var/folders/w6/8z5p98x95n76vrmm61h4tmpr0000gn/T/chromatic--71764-GquOHvAMpxU2/assets/Clear-b94f0ea0.js                              1.15 kB │ gzip:   0.65 kB │ map:     1.54 kB
../../../../../var/folders/w6/8z5p98x95n76vrmm61h4tmpr0000gn/T/chromatic--71764-GquOHvAMpxU2/assets/Trash-ca5085d8.js                              1.16 kB │ gzip:   0.65 kB │ map:     1.65 kB
../../../../../var/folders/w6/8z5p98x95n76vrmm61h4tmpr0000gn/T/chromatic--71764-GquOHvAMpxU2/assets/Bell-150dc498.js                               1.16 kB │ gzip:   0.68 kB │ map:     1.54 kB
../../../../../var/folders/w6/8z5p98x95n76vrmm61h4tmpr0000gn/T/chromatic--71764-GquOHvAMpxU2/assets/Merge-ebb6c0cd.js                              1.16 kB │ gzip:   0.67 kB │ map:     1.55 kB
../../../../../var/folders/w6/8z5p98x95n76vrmm61h4tmpr0000gn/T/chromatic--71764-GquOHvAMpxU2/assets/Dashboard-c9936dfc.js                          1.17 kB │ gzip:   0.69 kB │ map:     1.67 kB
../../../../../var/folders/w6/8z5p98x95n76vrmm61h4tmpr0000gn/T/chromatic--71764-GquOHvAMpxU2/assets/Linkbroken-39c00ca2.js                         1.17 kB │ gzip:   0.64 kB │ map:     1.51 kB
../../../../../var/folders/w6/8z5p98x95n76vrmm61h4tmpr0000gn/T/chromatic--71764-GquOHvAMpxU2/assets/Calendar-a2bde39c.js                           1.17 kB │ gzip:   0.64 kB │ map:     1.56 kB
../../../../../var/folders/w6/8z5p98x95n76vrmm61h4tmpr0000gn/T/chromatic--71764-GquOHvAMpxU2/assets/Rss-1abb2f48.js                                1.17 kB │ gzip:   0.64 kB │ map:     1.75 kB
../../../../../var/folders/w6/8z5p98x95n76vrmm61h4tmpr0000gn/T/chromatic--71764-GquOHvAMpxU2/assets/Button-79d90239.js                             1.18 kB │ gzip:   0.66 kB │ map:     1.62 kB
../../../../../var/folders/w6/8z5p98x95n76vrmm61h4tmpr0000gn/T/chromatic--71764-GquOHvAMpxU2/assets/Video-c4de95a1.js                              1.18 kB │ gzip:   0.66 kB │ map:     1.63 kB
../../../../../var/folders/w6/8z5p98x95n76vrmm61h4tmpr0000gn/T/chromatic--71764-GquOHvAMpxU2/assets/Paperclip-4e893ca8.js                          1.18 kB │ gzip:   0.66 kB │ map:     1.53 kB
../../../../../var/folders/w6/8z5p98x95n76vrmm61h4tmpr0000gn/T/chromatic--71764-GquOHvAMpxU2/assets/Facesad-66f4500b.js                            1.19 kB │ gzip:   0.67 kB │ map:     1.68 kB
../../../../../var/folders/w6/8z5p98x95n76vrmm61h4tmpr0000gn/T/chromatic--71764-GquOHvAMpxU2/assets/Useralt-c44ba6df.js                            1.19 kB │ gzip:   0.69 kB │ map:     1.52 kB
../../../../../var/folders/w6/8z5p98x95n76vrmm61h4tmpr0000gn/T/chromatic--71764-GquOHvAMpxU2/assets/Grow-f4c6d1e5.js                               1.19 kB │ gzip:   0.64 kB │ map:     1.77 kB
../../../../../var/folders/w6/8z5p98x95n76vrmm61h4tmpr0000gn/T/chromatic--71764-GquOHvAMpxU2/assets/Copy-51531a55.js                               1.19 kB │ gzip:   0.67 kB │ map:     1.57 kB
../../../../../var/folders/w6/8z5p98x95n76vrmm61h4tmpr0000gn/T/chromatic--71764-GquOHvAMpxU2/assets/Azuredevops-ce56a356.js                        1.19 kB │ gzip:   0.70 kB │ map:     1.77 kB
../../../../../var/folders/w6/8z5p98x95n76vrmm61h4tmpr0000gn/T/chromatic--71764-GquOHvAMpxU2/assets/Comment-47ad4c89.js                            1.19 kB │ gzip:   0.66 kB │ map:     1.68 kB
../../../../../var/folders/w6/8z5p98x95n76vrmm61h4tmpr0000gn/T/chromatic--71764-GquOHvAMpxU2/assets/Sidebar-92952c1d.js                            1.19 kB │ gzip:   0.63 kB │ map:     1.68 kB
../../../../../var/folders/w6/8z5p98x95n76vrmm61h4tmpr0000gn/T/chromatic--71764-GquOHvAMpxU2/assets/Edit-bf9388c7.js                               1.19 kB │ gzip:   0.69 kB │ map:     1.57 kB
../../../../../var/folders/w6/8z5p98x95n76vrmm61h4tmpr0000gn/T/chromatic--71764-GquOHvAMpxU2/assets/Alert-390aa55b.js                              1.19 kB │ gzip:   0.67 kB │ map:     1.68 kB
../../../../../var/folders/w6/8z5p98x95n76vrmm61h4tmpr0000gn/T/chromatic--71764-GquOHvAMpxU2/assets/Graphline-6d11a2e2.js                          1.19 kB │ gzip:   0.65 kB │ map:     1.69 kB
../../../../../var/folders/w6/8z5p98x95n76vrmm61h4tmpr0000gn/T/chromatic--71764-GquOHvAMpxU2/assets/Box-d93f6513.js                                1.19 kB │ gzip:   0.70 kB │ map:     1.57 kB
../../../../../var/folders/w6/8z5p98x95n76vrmm61h4tmpr0000gn/T/chromatic--71764-GquOHvAMpxU2/assets/Facehappy-3a23be81.js                          1.20 kB │ gzip:   0.68 kB │ map:     1.69 kB
../../../../../var/folders/w6/8z5p98x95n76vrmm61h4tmpr0000gn/T/chromatic--71764-GquOHvAMpxU2/assets/Bottombar-27ceb5c8.js                          1.20 kB │ gzip:   0.63 kB │ map:     1.69 kB
../../../../../var/folders/w6/8z5p98x95n76vrmm61h4tmpr0000gn/T/chromatic--71764-GquOHvAMpxU2/assets/Medium-aa2be126.js                             1.20 kB │ gzip:   0.71 kB │ map:     1.53 kB
../../../../../var/folders/w6/8z5p98x95n76vrmm61h4tmpr0000gn/T/chromatic--71764-GquOHvAMpxU2/assets/SidebarAlt-c164140f.js                         1.20 kB │ gzip:   0.63 kB │ map:     1.70 kB
../../../../../var/folders/w6/8z5p98x95n76vrmm61h4tmpr0000gn/T/chromatic--71764-GquOHvAMpxU2/assets/Pullrequest-12862c48.js                        1.21 kB │ gzip:   0.66 kB │ map:     1.60 kB
../../../../../var/folders/w6/8z5p98x95n76vrmm61h4tmpr0000gn/T/chromatic--71764-GquOHvAMpxU2/assets/DocsRenderer-EYKKDMVH-3829d3f6.js              1.21 kB │ gzip:   0.67 kB │ map:     2.47 kB
../../../../../var/folders/w6/8z5p98x95n76vrmm61h4tmpr0000gn/T/chromatic--71764-GquOHvAMpxU2/assets/Watch-f70b04b9.js                              1.21 kB │ gzip:   0.64 kB │ map:     1.59 kB
../../../../../var/folders/w6/8z5p98x95n76vrmm61h4tmpr0000gn/T/chromatic--71764-GquOHvAMpxU2/assets/Commentadd-13c4af16.js                         1.22 kB │ gzip:   0.67 kB │ map:     1.71 kB
../../../../../var/folders/w6/8z5p98x95n76vrmm61h4tmpr0000gn/T/chromatic--71764-GquOHvAMpxU2/assets/Document-5ab285bb.js                           1.22 kB │ gzip:   0.64 kB │ map:     1.71 kB
../../../../../var/folders/w6/8z5p98x95n76vrmm61h4tmpr0000gn/T/chromatic--71764-GquOHvAMpxU2/assets/Contrast-50a2bdfd.js                           1.22 kB │ gzip:   0.68 kB │ map:     1.61 kB
../../../../../var/folders/w6/8z5p98x95n76vrmm61h4tmpr0000gn/T/chromatic--71764-GquOHvAMpxU2/assets/Ruler-2ea04b00.js                              1.22 kB │ gzip:   0.63 kB │ map:     1.71 kB
../../../../../var/folders/w6/8z5p98x95n76vrmm61h4tmpr0000gn/T/chromatic--71764-GquOHvAMpxU2/assets/VSCode-caa90b9d.js                             1.22 kB │ gzip:   0.70 kB │ map:     1.61 kB
../../../../../var/folders/w6/8z5p98x95n76vrmm61h4tmpr0000gn/T/chromatic--71764-GquOHvAMpxU2/assets/Nut-bf0629dd.js                                1.22 kB │ gzip:   0.69 kB │ map:     1.71 kB
../../../../../var/folders/w6/8z5p98x95n76vrmm61h4tmpr0000gn/T/chromatic--71764-GquOHvAMpxU2/assets/User-0ac17765.js                               1.23 kB │ gzip:   0.72 kB │ map:     1.61 kB
../../../../../var/folders/w6/8z5p98x95n76vrmm61h4tmpr0000gn/T/chromatic--71764-GquOHvAMpxU2/assets/Lightning-ee9a15e8.js                          1.24 kB │ gzip:   0.72 kB │ map:     1.63 kB
../../../../../var/folders/w6/8z5p98x95n76vrmm61h4tmpr0000gn/T/chromatic--71764-GquOHvAMpxU2/assets/Memory-777cc2b3.js                             1.24 kB │ gzip:   0.69 kB │ map:     1.72 kB
../../../../../var/folders/w6/8z5p98x95n76vrmm61h4tmpr0000gn/T/chromatic--71764-GquOHvAMpxU2/assets/Diamond-be80637c.js                            1.24 kB │ gzip:   0.67 kB │ map:     1.87 kB
../../../../../var/folders/w6/8z5p98x95n76vrmm61h4tmpr0000gn/T/chromatic--71764-GquOHvAMpxU2/assets/Pin-d6b98d29.js                                1.24 kB │ gzip:   0.70 kB │ map:     1.77 kB
../../../../../var/folders/w6/8z5p98x95n76vrmm61h4tmpr0000gn/T/chromatic--71764-GquOHvAMpxU2/assets/Key-c553b2dd.js                                1.24 kB │ gzip:   0.68 kB │ map:     1.69 kB
../../../../../var/folders/w6/8z5p98x95n76vrmm61h4tmpr0000gn/T/chromatic--71764-GquOHvAMpxU2/assets/Branch-c17868fe.js                             1.24 kB │ gzip:   0.71 kB │ map:     1.63 kB
../../../../../var/folders/w6/8z5p98x95n76vrmm61h4tmpr0000gn/T/chromatic--71764-GquOHvAMpxU2/assets/Requestchange-e73bc865.js                      1.26 kB │ gzip:   0.70 kB │ map:     1.76 kB
../../../../../var/folders/w6/8z5p98x95n76vrmm61h4tmpr0000gn/T/chromatic--71764-GquOHvAMpxU2/assets/AccessibilityAlt-3b3eeaba.js                   1.27 kB │ gzip:   0.72 kB │ map:     1.67 kB
../../../../../var/folders/w6/8z5p98x95n76vrmm61h4tmpr0000gn/T/chromatic--71764-GquOHvAMpxU2/assets/Comments-d78d9728.js                           1.27 kB │ gzip:   0.69 kB │ map:     1.76 kB
../../../../../var/folders/w6/8z5p98x95n76vrmm61h4tmpr0000gn/T/chromatic--71764-GquOHvAMpxU2/assets/Figma-42b08785.js                              1.27 kB │ gzip:   0.69 kB │ map:     1.65 kB
../../../../../var/folders/w6/8z5p98x95n76vrmm61h4tmpr0000gn/T/chromatic--71764-GquOHvAMpxU2/assets/Link-197e463a.js                               1.27 kB │ gzip:   0.68 kB │ map:     1.71 kB
../../../../../var/folders/w6/8z5p98x95n76vrmm61h4tmpr0000gn/T/chromatic--71764-GquOHvAMpxU2/assets/Expand-63e1d9af.js                             1.28 kB │ gzip:   0.65 kB │ map:     1.62 kB
../../../../../var/folders/w6/8z5p98x95n76vrmm61h4tmpr0000gn/T/chromatic--71764-GquOHvAMpxU2/assets/Compass-0c55796f.js                            1.28 kB │ gzip:   0.71 kB │ map:     1.82 kB
../../../../../var/folders/w6/8z5p98x95n76vrmm61h4tmpr0000gn/T/chromatic--71764-GquOHvAMpxU2/assets/Grid-95b37167.js                               1.28 kB │ gzip:   0.63 kB │ map:     1.67 kB
../../../../../var/folders/w6/8z5p98x95n76vrmm61h4tmpr0000gn/T/chromatic--71764-GquOHvAMpxU2/assets/Unlock-56c2c194.js                             1.29 kB │ gzip:   0.72 kB │ map:     1.97 kB
../../../../../var/folders/w6/8z5p98x95n76vrmm61h4tmpr0000gn/T/chromatic--71764-GquOHvAMpxU2/assets/Bottombartoggle-93a4bb29.js                    1.31 kB │ gzip:   0.69 kB │ map:     1.81 kB
../../../../../var/folders/w6/8z5p98x95n76vrmm61h4tmpr0000gn/T/chromatic--71764-GquOHvAMpxU2/assets/Photo-654d6a40.js                              1.31 kB │ gzip:   0.70 kB │ map:     1.85 kB
../../../../../var/folders/w6/8z5p98x95n76vrmm61h4tmpr0000gn/T/chromatic--71764-GquOHvAMpxU2/assets/Print-ebbbf969.js                              1.31 kB │ gzip:   0.70 kB │ map:     1.80 kB
../../../../../var/folders/w6/8z5p98x95n76vrmm61h4tmpr0000gn/T/chromatic--71764-GquOHvAMpxU2/assets/Eye-135d6342.js                                1.32 kB │ gzip:   0.76 kB │ map:     1.80 kB
../../../../../var/folders/w6/8z5p98x95n76vrmm61h4tmpr0000gn/T/chromatic--71764-GquOHvAMpxU2/assets/Sidebartoggle-0f7c00b4.js                      1.32 kB │ gzip:   0.69 kB │ map:     1.82 kB
../../../../../var/folders/w6/8z5p98x95n76vrmm61h4tmpr0000gn/T/chromatic--71764-GquOHvAMpxU2/assets/Admin-9f85bc65.js                              1.32 kB │ gzip:   0.71 kB │ map:     1.80 kB
../../../../../var/folders/w6/8z5p98x95n76vrmm61h4tmpr0000gn/T/chromatic--71764-GquOHvAMpxU2/assets/Starhollow-1522498a.js                         1.32 kB │ gzip:   0.73 kB │ map:     1.71 kB
../../../../../var/folders/w6/8z5p98x95n76vrmm61h4tmpr0000gn/T/chromatic--71764-GquOHvAMpxU2/assets/Speaker-25d7c564.js                            1.33 kB │ gzip:   0.73 kB │ map:     1.92 kB
../../../../../var/folders/w6/8z5p98x95n76vrmm61h4tmpr0000gn/T/chromatic--71764-GquOHvAMpxU2/assets/Lightningoff-160fcb74.js                       1.33 kB │ gzip:   0.77 kB │ map:     1.68 kB
../../../../../var/folders/w6/8z5p98x95n76vrmm61h4tmpr0000gn/T/chromatic--71764-GquOHvAMpxU2/assets/Moon-28f1ee18.js                               1.33 kB │ gzip:   0.77 kB │ map:     2.04 kB
../../../../../var/folders/w6/8z5p98x95n76vrmm61h4tmpr0000gn/T/chromatic--71764-GquOHvAMpxU2/assets/Sidebaralttoggle-db1ad94a.js                   1.34 kB │ gzip:   0.69 kB │ map:     1.84 kB
../../../../../var/folders/w6/8z5p98x95n76vrmm61h4tmpr0000gn/T/chromatic--71764-GquOHvAMpxU2/assets/Basket-9dd4b042.js                             1.34 kB │ gzip:   0.70 kB │ map:     1.87 kB
../../../../../var/folders/w6/8z5p98x95n76vrmm61h4tmpr0000gn/T/chromatic--71764-GquOHvAMpxU2/assets/Cpu-3921d52a.js                                1.34 kB │ gzip:   0.66 kB │ map:     1.87 kB
../../../../../var/folders/w6/8z5p98x95n76vrmm61h4tmpr0000gn/T/chromatic--71764-GquOHvAMpxU2/assets/Linkedin-7e109246.js                           1.35 kB │ gzip:   0.76 kB │ map:     1.74 kB
../../../../../var/folders/w6/8z5p98x95n76vrmm61h4tmpr0000gn/T/chromatic--71764-GquOHvAMpxU2/assets/Accessibility-e44bf367.js                      1.37 kB │ gzip:   0.74 kB │ map:     1.93 kB
../../../../../var/folders/w6/8z5p98x95n76vrmm61h4tmpr0000gn/T/chromatic--71764-GquOHvAMpxU2/assets/Useradd-27cc217f.js                            1.39 kB │ gzip:   0.79 kB │ map:     1.72 kB
../../../../../var/folders/w6/8z5p98x95n76vrmm61h4tmpr0000gn/T/chromatic--71764-GquOHvAMpxU2/assets/Twitter-c49e81fc.js                            1.39 kB │ gzip:   0.80 kB │ map:     1.78 kB
../../../../../var/folders/w6/8z5p98x95n76vrmm61h4tmpr0000gn/T/chromatic--71764-GquOHvAMpxU2/assets/Paintbrush-d9dabe5c.js                         1.39 kB │ gzip:   0.81 kB │ map:     1.78 kB
../../../../../var/folders/w6/8z5p98x95n76vrmm61h4tmpr0000gn/T/chromatic--71764-GquOHvAMpxU2/assets/Shield-c3afbf31.js                             1.41 kB │ gzip:   0.83 kB │ map:     1.79 kB
../../../../../var/folders/w6/8z5p98x95n76vrmm61h4tmpr0000gn/T/chromatic--71764-GquOHvAMpxU2/assets/Support-5d1399a0.js                            1.47 kB │ gzip:   0.79 kB │ map:     1.86 kB
../../../../../var/folders/w6/8z5p98x95n76vrmm61h4tmpr0000gn/T/chromatic--71764-GquOHvAMpxU2/assets/Pointerdefault-97d997d8.js                     1.50 kB │ gzip:   0.85 kB │ map:     1.90 kB
../../../../../var/folders/w6/8z5p98x95n76vrmm61h4tmpr0000gn/T/chromatic--71764-GquOHvAMpxU2/assets/Apple-d6406800.js                              1.51 kB │ gzip:   0.88 kB │ map:     1.84 kB
../../../../../var/folders/w6/8z5p98x95n76vrmm61h4tmpr0000gn/T/chromatic--71764-GquOHvAMpxU2/assets/PhotoDrag-566fe9fc.js                          1.51 kB │ gzip:   0.78 kB │ map:     2.15 kB
../../../../../var/folders/w6/8z5p98x95n76vrmm61h4tmpr0000gn/T/chromatic--71764-GquOHvAMpxU2/assets/Profile-760d5329.js                            1.52 kB │ gzip:   0.85 kB │ map:     2.01 kB
../../../../../var/folders/w6/8z5p98x95n76vrmm61h4tmpr0000gn/T/chromatic--71764-GquOHvAMpxU2/assets/Pinalt-71d1330b.js                             1.53 kB │ gzip:   0.83 kB │ map:     2.16 kB
../../../../../var/folders/w6/8z5p98x95n76vrmm61h4tmpr0000gn/T/chromatic--71764-GquOHvAMpxU2/assets/Github-7386202b.js                             1.54 kB │ gzip:   0.89 kB │ map:     1.92 kB
../../../../../var/folders/w6/8z5p98x95n76vrmm61h4tmpr0000gn/T/chromatic--71764-GquOHvAMpxU2/assets/Storybook-4498829a.js                          1.55 kB │ gzip:   0.88 kB │ map:     1.95 kB
../../../../../var/folders/w6/8z5p98x95n76vrmm61h4tmpr0000gn/T/chromatic--71764-GquOHvAMpxU2/assets/Heart-ed003117.js                              1.55 kB │ gzip:   0.89 kB │ map:     1.89 kB
../../../../../var/folders/w6/8z5p98x95n76vrmm61h4tmpr0000gn/T/chromatic--71764-GquOHvAMpxU2/assets/Globe-cebe46fd.js                              1.56 kB │ gzip:   0.85 kB │ map:     1.95 kB
../../../../../var/folders/w6/8z5p98x95n76vrmm61h4tmpr0000gn/T/chromatic--71764-GquOHvAMpxU2/assets/Google-2b1e78be.js                             1.56 kB │ gzip:   0.90 kB │ map:     1.90 kB
../../../../../var/folders/w6/8z5p98x95n76vrmm61h4tmpr0000gn/T/chromatic--71764-GquOHvAMpxU2/assets/Eyeclose-6e75899b.js                           1.59 kB │ gzip:   0.90 kB │ map:     2.03 kB
../../../../../var/folders/w6/8z5p98x95n76vrmm61h4tmpr0000gn/T/chromatic--71764-GquOHvAMpxU2/assets/Unpin-9cef812c.js                              1.59 kB │ gzip:   0.86 kB │ map:     2.12 kB
../../../../../var/folders/w6/8z5p98x95n76vrmm61h4tmpr0000gn/T/chromatic--71764-GquOHvAMpxU2/assets/Graphql-d6fc9982.js                            1.60 kB │ gzip:   0.85 kB │ map:     1.99 kB
../../../../../var/folders/w6/8z5p98x95n76vrmm61h4tmpr0000gn/T/chromatic--71764-GquOHvAMpxU2/assets/Unfold-379ceabe.js                             1.60 kB │ gzip:   0.80 kB │ map:     2.14 kB
../../../../../var/folders/w6/8z5p98x95n76vrmm61h4tmpr0000gn/T/chromatic--71764-GquOHvAMpxU2/assets/Verified-d7ecb54f.js                           1.63 kB │ gzip:   0.82 kB │ map:     2.02 kB
../../../../../var/folders/w6/8z5p98x95n76vrmm61h4tmpr0000gn/T/chromatic--71764-GquOHvAMpxU2/assets/Chromatic-bf38273c.js                          1.64 kB │ gzip:   0.91 kB │ map:     2.04 kB
../../../../../var/folders/w6/8z5p98x95n76vrmm61h4tmpr0000gn/T/chromatic--71764-GquOHvAMpxU2/assets/Sun-19be955d.js                                1.65 kB │ gzip:   0.82 kB │ map:     2.37 kB
../../../../../var/folders/w6/8z5p98x95n76vrmm61h4tmpr0000gn/T/chromatic--71764-GquOHvAMpxU2/assets/Youtube-02ffabf3.js                            1.69 kB │ gzip:   0.95 kB │ map:     2.08 kB
../../../../../var/folders/w6/8z5p98x95n76vrmm61h4tmpr0000gn/T/chromatic--71764-GquOHvAMpxU2/assets/Users-e73fbb9f.js                              1.73 kB │ gzip:   0.97 kB │ map:     2.16 kB
../../../../../var/folders/w6/8z5p98x95n76vrmm61h4tmpr0000gn/T/chromatic--71764-GquOHvAMpxU2/assets/Hourglass-0f83e38c.js                          1.75 kB │ gzip:   0.98 kB │ map:     2.21 kB
../../../../../var/folders/w6/8z5p98x95n76vrmm61h4tmpr0000gn/T/chromatic--71764-GquOHvAMpxU2/assets/Chrome-62dcb54c.js                             1.77 kB │ gzip:   0.95 kB │ map:     2.41 kB
../../../../../var/folders/w6/8z5p98x95n76vrmm61h4tmpr0000gn/T/chromatic--71764-GquOHvAMpxU2/assets/Wand-279c469c.js                               1.78 kB │ gzip:   0.89 kB │ map:     2.26 kB
../../../../../var/folders/w6/8z5p98x95n76vrmm61h4tmpr0000gn/T/chromatic--71764-GquOHvAMpxU2/assets/Discord-1a0b857a.js                            1.85 kB │ gzip:   0.94 kB │ map:     2.19 kB
../../../../../var/folders/w6/8z5p98x95n76vrmm61h4tmpr0000gn/T/chromatic--71764-GquOHvAMpxU2/assets/IconWrapper-81a3abd1.js                        1.87 kB │ gzip:   1.02 kB │ map:     3.32 kB
../../../../../var/folders/w6/8z5p98x95n76vrmm61h4tmpr0000gn/T/chromatic--71764-GquOHvAMpxU2/assets/Ubuntu-291e7056.js                             1.96 kB │ gzip:   1.03 kB │ map:     2.50 kB
../../../../../var/folders/w6/8z5p98x95n76vrmm61h4tmpr0000gn/T/chromatic--71764-GquOHvAMpxU2/assets/Redux-5cd481cd.js                              2.01 kB │ gzip:   1.14 kB │ map:     2.40 kB
../../../../../var/folders/w6/8z5p98x95n76vrmm61h4tmpr0000gn/T/chromatic--71764-GquOHvAMpxU2/assets/Linux-51ee6668.js                              2.02 kB │ gzip:   1.09 kB │ map:     2.41 kB
../../../../../var/folders/w6/8z5p98x95n76vrmm61h4tmpr0000gn/T/chromatic--71764-GquOHvAMpxU2/assets/Phone-c88a7d75.js                              2.08 kB │ gzip:   1.12 kB │ map:     2.47 kB
../../../../../var/folders/w6/8z5p98x95n76vrmm61h4tmpr0000gn/T/chromatic--71764-GquOHvAMpxU2/assets/Sticker-f1ebdef6.js                            2.12 kB │ gzip:   0.98 kB │ map:     2.66 kB
../../../../../var/folders/w6/8z5p98x95n76vrmm61h4tmpr0000gn/T/chromatic--71764-GquOHvAMpxU2/assets/Thumbsup-d57b785f.js                           2.13 kB │ gzip:   1.17 kB │ map:     2.52 kB
../../../../../var/folders/w6/8z5p98x95n76vrmm61h4tmpr0000gn/T/chromatic--71764-GquOHvAMpxU2/assets/Pointerhand-eba7674e.js                        2.26 kB │ gzip:   1.15 kB │ map:     2.66 kB
../../../../../var/folders/w6/8z5p98x95n76vrmm61h4tmpr0000gn/T/chromatic--71764-GquOHvAMpxU2/assets/Database-c4357314.js                           2.32 kB │ gzip:   1.13 kB │ map:     2.71 kB
../../../../../var/folders/w6/8z5p98x95n76vrmm61h4tmpr0000gn/T/chromatic--71764-GquOHvAMpxU2/assets/Hearthollow-891f9883.js                        2.39 kB │ gzip:   1.31 kB │ map:     2.79 kB
../../../../../var/folders/w6/8z5p98x95n76vrmm61h4tmpr0000gn/T/chromatic--71764-GquOHvAMpxU2/assets/preview-a60aa466.js                            2.40 kB │ gzip:   1.25 kB │ map:    11.18 kB
../../../../../var/folders/w6/8z5p98x95n76vrmm61h4tmpr0000gn/T/chromatic--71764-GquOHvAMpxU2/assets/Cog-4f37cef0.js                                2.52 kB │ gzip:   1.29 kB │ map:     3.01 kB
../../../../../var/folders/w6/8z5p98x95n76vrmm61h4tmpr0000gn/T/chromatic--71764-GquOHvAMpxU2/assets/preview-5d9f24de.js                            3.26 kB │ gzip:   1.41 kB │ map:    10.04 kB
../../../../../var/folders/w6/8z5p98x95n76vrmm61h4tmpr0000gn/T/chromatic--71764-GquOHvAMpxU2/assets/index-f1f749bf.js                              7.25 kB │ gzip:   2.96 kB │ map:    15.70 kB
../../../../../var/folders/w6/8z5p98x95n76vrmm61h4tmpr0000gn/T/chromatic--71764-GquOHvAMpxU2/assets/preview-e701a286.js                            7.70 kB │ gzip:   1.62 kB │ map:    13.71 kB
../../../../../var/folders/w6/8z5p98x95n76vrmm61h4tmpr0000gn/T/chromatic--71764-GquOHvAMpxU2/assets/preview-9935c394.js                            8.03 kB │ gzip:   3.07 kB │ map:    28.11 kB
../../../../../var/folders/w6/8z5p98x95n76vrmm61h4tmpr0000gn/T/chromatic--71764-GquOHvAMpxU2/assets/GlobalScrollAreaStyles-XIHNDKUY-df419b0e.js   10.34 kB │ gzip:   2.32 kB │ map:    15.73 kB
../../../../../var/folders/w6/8z5p98x95n76vrmm61h4tmpr0000gn/T/chromatic--71764-GquOHvAMpxU2/assets/preview-e58b38a2.js                           21.11 kB │ gzip:   7.02 kB │ map:    68.18 kB
../../../../../var/folders/w6/8z5p98x95n76vrmm61h4tmpr0000gn/T/chromatic--71764-GquOHvAMpxU2/assets/Color-3YIJY6X7-15b7f80c.js                    30.92 kB │ gzip:  11.60 kB │ map:   112.58 kB
../../../../../var/folders/w6/8z5p98x95n76vrmm61h4tmpr0000gn/T/chromatic--71764-GquOHvAMpxU2/assets/OverlayScrollbars-VAV6LJAB-aef48d0a.js        58.92 kB │ gzip:  25.25 kB │ map:   277.46 kB
../../../../../var/folders/w6/8z5p98x95n76vrmm61h4tmpr0000gn/T/chromatic--71764-GquOHvAMpxU2/assets/iframe-f8285d59.js                            62.73 kB │ gzip:   9.96 kB │ map:    37.25 kB
../../../../../var/folders/w6/8z5p98x95n76vrmm61h4tmpr0000gn/T/chromatic--71764-GquOHvAMpxU2/assets/Introduction-5f5958b5.js                     127.69 kB │ gzip:  10.77 kB │ map:    34.56 kB
../../../../../var/folders/w6/8z5p98x95n76vrmm61h4tmpr0000gn/T/chromatic--71764-GquOHvAMpxU2/assets/index-7f486528.js                            212.67 kB │ gzip:  66.50 kB │ map:   651.38 kB
../../../../../var/folders/w6/8z5p98x95n76vrmm61h4tmpr0000gn/T/chromatic--71764-GquOHvAMpxU2/assets/config-25a7bc22.js                           214.13 kB │ gzip:  66.68 kB │ map:   805.15 kB
../../../../../var/folders/w6/8z5p98x95n76vrmm61h4tmpr0000gn/T/chromatic--71764-GquOHvAMpxU2/assets/index-1f1a12ac.js                            504.91 kB │ gzip: 166.58 kB │ map: 1,434.47 kB
../../../../../var/folders/w6/8z5p98x95n76vrmm61h4tmpr0000gn/T/chromatic--71764-GquOHvAMpxU2/assets/axe-a686be73.js                              535.45 kB │ gzip: 146.88 kB │ map: 1,917.99 kB
../../../../../var/folders/w6/8z5p98x95n76vrmm61h4tmpr0000gn/T/chromatic--71764-GquOHvAMpxU2/assets/formatter-S4K5WUZV-5af611c1.js               601.57 kB │ gzip: 185.01 kB │ map: 1,314.32 kB

(!) Some chunks are larger than 500 kBs after minification. Consider:
- Using dynamic import() to code-split the application
- Use build.rollupOptions.output.manualChunks to improve chunking: https://rollupjs.org/configuration-options/#output-manualchunks
- Adjust chunk size limit for this warning via build.chunkSizeWarningLimit.
✓ built in 15.30s
info => Output directory: /var/folders/w6/8z5p98x95n76vrmm61h4tmpr0000gn/T/chromatic--71764-GquOHvAMpxU2
